2020-12-18 13:08:00,320 - log_utils.py[line:24] - INFO: ========测试类开始执行========
2020-12-18 13:08:00,320 - log_utils.py[line:24] - INFO: --------测试方法开始执行--------
2020-12-18 13:08:05,473 - log_utils.py[line:24] - INFO: 浏览器最大化
2020-12-18 13:08:05,474 - log_utils.py[line:24] - INFO: 添加隐式等待
2020-12-18 13:08:05,746 - log_utils.py[line:24] - INFO: 打开浏览器地址：https://petest.gds-services.com/portal/#/portal/r_todo
2020-12-18 13:08:05,864 - log_utils.py[line:24] - INFO: [用户框输入]元素识别成功
2020-12-18 13:08:05,928 - log_utils.py[line:24] - INFO: 输入[用户框输入]元素
2020-12-18 13:08:05,928 - log_utils.py[line:24] - INFO: 用户名输入框输入：chaiguangfei
2020-12-18 13:08:05,937 - log_utils.py[line:24] - INFO: [密码输入框]元素识别成功
2020-12-18 13:08:05,992 - log_utils.py[line:24] - INFO: 输入[密码输入框]元素
2020-12-18 13:08:05,992 - log_utils.py[line:24] - INFO: 密码输入框输入：Gds123456789
2020-12-18 13:08:06,003 - log_utils.py[line:24] - INFO: [登录按钮]元素识别成功
2020-12-18 13:08:06,029 - log_utils.py[line:24] - INFO: 点击[登录按钮]元素
2020-12-18 13:08:06,029 - log_utils.py[line:24] - INFO: [验证登陆失败]执行成功
2020-12-18 13:08:11,029 - log_utils.py[line:24] - INFO: 等待5秒
2020-12-18 13:08:11,029 - log_utils.py[line:24] - INFO: --------测试方法执行结束--------
2020-12-18 13:08:13,120 - log_utils.py[line:24] - INFO: 关闭浏览器
2020-12-18 13:08:13,120 - log_utils.py[line:24] - INFO: --------测试方法开始执行--------
2020-12-18 13:08:18,242 - log_utils.py[line:24] - INFO: 浏览器最大化
2020-12-18 13:08:18,243 - log_utils.py[line:24] - INFO: 添加隐式等待
2020-12-18 13:08:18,605 - log_utils.py[line:24] - INFO: 打开浏览器地址：https://petest.gds-services.com/portal/#/portal/r_todo
2020-12-18 13:08:18,692 - log_utils.py[line:24] - INFO: [用户框输入]元素识别成功
2020-12-18 13:08:18,758 - log_utils.py[line:24] - INFO: 输入[用户框输入]元素
2020-12-18 13:08:18,759 - log_utils.py[line:24] - INFO: 用户名输入框输入：chaiguangfei
2020-12-18 13:08:18,769 - log_utils.py[line:24] - INFO: [密码输入框]元素识别成功
2020-12-18 13:08:18,827 - log_utils.py[line:24] - INFO: 输入[密码输入框]元素
2020-12-18 13:08:18,827 - log_utils.py[line:24] - INFO: 密码输入框输入：Gds1234567890
2020-12-18 13:08:18,835 - log_utils.py[line:24] - INFO: [登录按钮]元素识别成功
2020-12-18 13:08:18,863 - log_utils.py[line:24] - INFO: 点击[登录按钮]元素
2020-12-18 13:08:18,863 - log_utils.py[line:24] - INFO: 点击登录按钮
2020-12-18 13:08:23,799 - log_utils.py[line:24] - INFO: [用户姓名]元素识别成功
2020-12-18 13:08:23,988 - log_utils.py[line:24] - INFO: 用户登录校验成功
2020-12-18 13:08:24,087 - log_utils.py[line:24] - INFO: [系统入口]元素识别成功
2020-12-18 13:08:24,403 - log_utils.py[line:24] - INFO: 点击[系统入口]元素
2020-12-18 13:08:26,403 - log_utils.py[line:24] - INFO: 等待2秒
2020-12-18 13:08:26,412 - log_utils.py[line:24] - INFO: [系统名称]元素识别成功
2020-12-18 13:08:26,437 - log_utils.py[line:24] - INFO: 点击[系统名称]元素
2020-12-18 13:08:26,437 - log_utils.py[line:24] - INFO: 点击变更管理
2020-12-18 13:08:28,438 - log_utils.py[line:24] - INFO: 等待2秒
2020-12-18 13:08:28,447 - log_utils.py[line:24] - INFO: [系统事件]元素识别成功
2020-12-18 13:08:28,471 - log_utils.py[line:24] - INFO: 点击[系统事件]元素
2020-12-18 13:08:31,471 - log_utils.py[line:24] - INFO: 等待3秒
2020-12-18 13:08:31,471 - log_utils.py[line:24] - INFO: --------测试方法执行结束--------
2020-12-18 13:08:33,583 - log_utils.py[line:24] - INFO: 关闭浏览器
2020-12-18 13:08:33,583 - log_utils.py[line:24] - INFO: ========测试类执行完毕========
2020-12-18 14:02:33,173 - log_utils.py[line:24] - INFO: ========测试类开始执行========
2020-12-18 14:02:33,173 - log_utils.py[line:24] - INFO: --------测试方法开始执行--------
2020-12-18 14:02:38,302 - log_utils.py[line:24] - INFO: 浏览器最大化
2020-12-18 14:02:38,304 - log_utils.py[line:24] - INFO: 添加隐式等待
2020-12-18 14:02:40,113 - log_utils.py[line:24] - INFO: 打开浏览器地址：https://petest.gds-services.com/portal/#/portal/r_todo
2020-12-18 14:02:40,225 - log_utils.py[line:24] - INFO: [用户框输入]元素识别成功
2020-12-18 14:02:40,288 - log_utils.py[line:24] - INFO: 输入[用户框输入]元素
2020-12-18 14:02:40,289 - log_utils.py[line:24] - INFO: 用户名输入框输入：chaiguangfei
2020-12-18 14:02:40,297 - log_utils.py[line:24] - INFO: [密码输入框]元素识别成功
2020-12-18 14:02:40,355 - log_utils.py[line:24] - INFO: 输入[密码输入框]元素
2020-12-18 14:02:40,355 - log_utils.py[line:24] - INFO: 密码输入框输入：Gds123456789
2020-12-18 14:02:40,366 - log_utils.py[line:24] - INFO: [登录按钮]元素识别成功
2020-12-18 14:02:40,393 - log_utils.py[line:24] - INFO: 点击[登录按钮]元素
2020-12-18 14:02:40,393 - log_utils.py[line:24] - INFO: [验证登陆失败]执行成功
2020-12-18 14:02:45,393 - log_utils.py[line:24] - INFO: 等待5秒
2020-12-18 14:02:45,393 - log_utils.py[line:24] - INFO: --------测试方法执行结束--------
2020-12-18 14:02:47,487 - log_utils.py[line:24] - INFO: 关闭浏览器
2020-12-18 14:02:47,487 - log_utils.py[line:24] - INFO: --------测试方法开始执行--------
2020-12-18 14:02:52,619 - log_utils.py[line:24] - INFO: 浏览器最大化
2020-12-18 14:02:52,620 - log_utils.py[line:24] - INFO: 添加隐式等待
2020-12-18 14:02:53,740 - log_utils.py[line:24] - INFO: 打开浏览器地址：https://petest.gds-services.com/portal/#/portal/r_todo
2020-12-18 14:02:53,899 - log_utils.py[line:24] - INFO: [用户框输入]元素识别成功
2020-12-18 14:02:53,963 - log_utils.py[line:24] - INFO: 输入[用户框输入]元素
2020-12-18 14:02:53,963 - log_utils.py[line:24] - INFO: 用户名输入框输入：chaiguangfei
2020-12-18 14:02:53,972 - log_utils.py[line:24] - INFO: [密码输入框]元素识别成功
2020-12-18 14:02:54,029 - log_utils.py[line:24] - INFO: 输入[密码输入框]元素
2020-12-18 14:02:54,029 - log_utils.py[line:24] - INFO: 密码输入框输入：Gds1234567890
2020-12-18 14:02:54,037 - log_utils.py[line:24] - INFO: [登录按钮]元素识别成功
2020-12-18 14:02:54,062 - log_utils.py[line:24] - INFO: 点击[登录按钮]元素
2020-12-18 14:02:54,062 - log_utils.py[line:24] - INFO: 点击登录按钮
2020-12-18 14:03:06,979 - log_utils.py[line:24] - INFO: [用户姓名]元素识别成功
2020-12-18 14:03:07,079 - log_utils.py[line:24] - INFO: 用户登录校验成功
2020-12-18 14:03:07,120 - log_utils.py[line:24] - INFO: [系统入口]元素识别成功
2020-12-18 14:03:07,365 - log_utils.py[line:24] - INFO: 点击[系统入口]元素
2020-12-18 14:03:09,367 - log_utils.py[line:24] - INFO: 等待2秒
2020-12-18 14:03:09,375 - log_utils.py[line:24] - INFO: [系统名称]元素识别成功
2020-12-18 14:03:09,400 - log_utils.py[line:24] - INFO: 点击[系统名称]元素
2020-12-18 14:03:09,400 - log_utils.py[line:24] - INFO: 点击变更管理
2020-12-18 14:03:11,401 - log_utils.py[line:24] - INFO: 等待2秒
2020-12-18 14:03:11,410 - log_utils.py[line:24] - INFO: [系统事件]元素识别成功
2020-12-18 14:03:11,433 - log_utils.py[line:24] - INFO: 点击[系统事件]元素
2020-12-18 14:03:14,435 - log_utils.py[line:24] - INFO: 等待3秒
2020-12-18 14:03:14,435 - log_utils.py[line:24] - INFO: --------测试方法执行结束--------
2020-12-18 14:03:16,536 - log_utils.py[line:24] - INFO: 关闭浏览器
2020-12-18 14:03:16,536 - log_utils.py[line:24] - INFO: ========测试类执行完毕========
2020-12-18 14:08:04,741 - log_utils.py[line:24] - INFO: ========测试类开始执行========
2020-12-18 14:08:04,741 - log_utils.py[line:24] - INFO: --------测试方法开始执行--------
2020-12-18 14:08:09,879 - log_utils.py[line:24] - INFO: 浏览器最大化
2020-12-18 14:08:09,880 - log_utils.py[line:24] - INFO: 添加隐式等待
2020-12-18 14:08:10,169 - log_utils.py[line:24] - INFO: 打开浏览器地址：https://petest.gds-services.com/portal/#/portal/r_todo
2020-12-18 14:08:10,252 - log_utils.py[line:24] - INFO: [用户框输入]元素识别成功
2020-12-18 14:08:10,315 - log_utils.py[line:24] - INFO: 输入[用户框输入]元素
2020-12-18 14:08:10,315 - log_utils.py[line:24] - INFO: 用户名输入框输入：chaiguangfei
2020-12-18 14:08:10,324 - log_utils.py[line:24] - INFO: [密码输入框]元素识别成功
2020-12-18 14:08:10,377 - log_utils.py[line:24] - INFO: 输入[密码输入框]元素
2020-12-18 14:08:10,377 - log_utils.py[line:24] - INFO: 密码输入框输入：Gds123456789
2020-12-18 14:08:10,390 - log_utils.py[line:24] - INFO: [登录按钮]元素识别成功
2020-12-18 14:08:10,414 - log_utils.py[line:24] - INFO: 点击[登录按钮]元素
2020-12-18 14:08:10,414 - log_utils.py[line:24] - INFO: [验证登陆失败]执行成功
2020-12-18 14:08:15,416 - log_utils.py[line:24] - INFO: 等待5秒
2020-12-18 14:08:15,416 - log_utils.py[line:24] - INFO: --------测试方法执行结束--------
2020-12-18 14:08:17,509 - log_utils.py[line:24] - INFO: 关闭浏览器
2020-12-18 14:08:17,509 - log_utils.py[line:24] - INFO: --------测试方法开始执行--------
2020-12-18 14:08:22,667 - log_utils.py[line:24] - INFO: 浏览器最大化
2020-12-18 14:08:22,668 - log_utils.py[line:24] - INFO: 添加隐式等待
2020-12-18 14:08:22,920 - log_utils.py[line:24] - INFO: 打开浏览器地址：https://petest.gds-services.com/portal/#/portal/r_todo
2020-12-18 14:08:23,009 - log_utils.py[line:24] - INFO: [用户框输入]元素识别成功
2020-12-18 14:08:23,073 - log_utils.py[line:24] - INFO: 输入[用户框输入]元素
2020-12-18 14:08:23,073 - log_utils.py[line:24] - INFO: 用户名输入框输入：chaiguangfei
2020-12-18 14:08:23,081 - log_utils.py[line:24] - INFO: [密码输入框]元素识别成功
2020-12-18 14:08:23,137 - log_utils.py[line:24] - INFO: 输入[密码输入框]元素
2020-12-18 14:08:23,138 - log_utils.py[line:24] - INFO: 密码输入框输入：Gds1234567890
2020-12-18 14:08:23,146 - log_utils.py[line:24] - INFO: [登录按钮]元素识别成功
2020-12-18 14:08:23,171 - log_utils.py[line:24] - INFO: 点击[登录按钮]元素
2020-12-18 14:08:23,171 - log_utils.py[line:24] - INFO: 点击登录按钮
2020-12-18 14:08:28,364 - log_utils.py[line:24] - INFO: [用户姓名]元素识别成功
2020-12-18 14:08:28,383 - log_utils.py[line:24] - INFO: 用户登录校验成功
2020-12-18 14:08:28,415 - log_utils.py[line:24] - INFO: [系统入口]元素识别成功
2020-12-18 14:08:28,789 - log_utils.py[line:24] - INFO: 点击[系统入口]元素
2020-12-18 14:08:30,789 - log_utils.py[line:24] - INFO: 等待2秒
2020-12-18 14:08:30,799 - log_utils.py[line:24] - INFO: [系统名称]元素识别成功
2020-12-18 14:08:30,824 - log_utils.py[line:24] - INFO: 点击[系统名称]元素
2020-12-18 14:08:30,824 - log_utils.py[line:24] - INFO: 点击变更管理
2020-12-18 14:08:32,825 - log_utils.py[line:24] - INFO: 等待2秒
2020-12-18 14:08:32,833 - log_utils.py[line:24] - INFO: [系统事件]元素识别成功
2020-12-18 14:08:32,857 - log_utils.py[line:24] - INFO: 点击[系统事件]元素
2020-12-18 14:08:35,858 - log_utils.py[line:24] - INFO: 等待3秒
2020-12-18 14:08:35,858 - log_utils.py[line:24] - INFO: --------测试方法执行结束--------
2020-12-18 14:08:37,974 - log_utils.py[line:24] - INFO: 关闭浏览器
2020-12-18 14:08:37,974 - log_utils.py[line:24] - INFO: ========测试类执行完毕========
2020-12-18 14:30:29,008 - log_utils.py[line:24] - INFO: ========测试类开始执行========
2020-12-18 14:30:29,008 - log_utils.py[line:24] - INFO: --------测试方法开始执行--------
2020-12-18 14:30:34,240 - log_utils.py[line:24] - INFO: 浏览器最大化
2020-12-18 14:30:34,241 - log_utils.py[line:24] - INFO: 添加隐式等待
2020-12-18 14:30:34,549 - log_utils.py[line:24] - INFO: 打开浏览器地址：https://petest.gds-services.com/portal/#/portal/r_todo
2020-12-18 14:30:45,114 - log_utils.py[line:26] - ERROR: [用户框输入]元素不能识别，原因是Message: 
：
2020-12-18 14:30:45,549 - log_utils.py[line:24] - INFO: --------测试方法执行结束--------
2020-12-18 14:30:47,661 - log_utils.py[line:24] - INFO: 关闭浏览器
2020-12-18 14:30:47,674 - log_utils.py[line:24] - INFO: --------测试方法开始执行--------
2020-12-18 14:30:52,788 - log_utils.py[line:24] - INFO: 浏览器最大化
2020-12-18 14:30:52,789 - log_utils.py[line:24] - INFO: 添加隐式等待
2020-12-18 14:30:53,108 - log_utils.py[line:24] - INFO: 打开浏览器地址：https://petest.gds-services.com/portal/#/portal/r_todo
2020-12-18 14:31:03,621 - log_utils.py[line:26] - ERROR: [用户框输入]元素不能识别，原因是Message: 
：
2020-12-18 14:31:04,051 - log_utils.py[line:24] - INFO: --------测试方法执行结束--------
2020-12-18 14:31:06,141 - log_utils.py[line:24] - INFO: 关闭浏览器
2020-12-18 14:31:06,153 - log_utils.py[line:24] - INFO: ========测试类执行完毕========
2020-12-18 14:46:40,761 - log_untils.py[line:24] - INFO: 123
2020-12-18 15:21:32,597 - log_untils.py[line:24] - INFO: ========测试类开始执行========
2020-12-18 15:21:32,597 - log_untils.py[line:24] - INFO: --------测试方法开始执行--------
2020-12-18 15:21:38,114 - log_untils.py[line:24] - INFO: 浏览器最大化
2020-12-18 15:21:38,116 - log_untils.py[line:24] - INFO: 添加隐式等待
2020-12-18 15:21:38,363 - log_untils.py[line:24] - INFO: 打开浏览器地址：https://petest.gds-services.com/portal/#/portal/r_todo
2020-12-18 15:21:38,450 - log_untils.py[line:24] - INFO: [用户框输入]元素识别成功
2020-12-18 15:21:38,524 - log_untils.py[line:24] - INFO: 输入[用户框输入]元素
2020-12-18 15:21:38,524 - log_untils.py[line:24] - INFO: 用户名输入框输入：chaiguangfei
2020-12-18 15:21:38,535 - log_untils.py[line:24] - INFO: [密码输入框]元素识别成功
2020-12-18 15:21:38,599 - log_untils.py[line:24] - INFO: 输入[密码输入框]元素
2020-12-18 15:21:38,599 - log_untils.py[line:24] - INFO: 密码输入框输入：Gds123456789
2020-12-18 15:21:38,611 - log_untils.py[line:24] - INFO: [登录按钮]元素识别成功
2020-12-18 15:21:38,639 - log_untils.py[line:24] - INFO: 点击[登录按钮]元素
2020-12-18 15:21:38,639 - log_untils.py[line:24] - INFO: [验证登陆失败]执行成功
2020-12-18 15:21:43,640 - log_untils.py[line:24] - INFO: 等待5秒
2020-12-18 15:21:43,640 - log_untils.py[line:24] - INFO: --------测试方法执行结束--------
2020-12-18 15:21:45,798 - log_untils.py[line:24] - INFO: 关闭浏览器
2020-12-18 15:21:45,798 - log_untils.py[line:24] - INFO: --------测试方法开始执行--------
2020-12-18 15:21:51,132 - log_untils.py[line:24] - INFO: 浏览器最大化
2020-12-18 15:21:51,133 - log_untils.py[line:24] - INFO: 添加隐式等待
2020-12-18 15:21:51,353 - log_untils.py[line:24] - INFO: 打开浏览器地址：https://petest.gds-services.com/portal/#/portal/r_todo
2020-12-18 15:21:51,427 - log_untils.py[line:24] - INFO: [用户框输入]元素识别成功
2020-12-18 15:21:51,500 - log_untils.py[line:24] - INFO: 输入[用户框输入]元素
2020-12-18 15:21:51,501 - log_untils.py[line:24] - INFO: 用户名输入框输入：chaiguangfei
2020-12-18 15:21:51,510 - log_untils.py[line:24] - INFO: [密码输入框]元素识别成功
2020-12-18 15:21:51,568 - log_untils.py[line:24] - INFO: 输入[密码输入框]元素
2020-12-18 15:21:51,568 - log_untils.py[line:24] - INFO: 密码输入框输入：Gds1234567890
2020-12-18 15:21:51,576 - log_untils.py[line:24] - INFO: [登录按钮]元素识别成功
2020-12-18 15:21:51,602 - log_untils.py[line:24] - INFO: 点击[登录按钮]元素
2020-12-18 15:21:51,602 - log_untils.py[line:24] - INFO: 点击登录按钮
2020-12-18 15:21:54,073 - log_untils.py[line:24] - INFO: [用户姓名]元素识别成功
2020-12-18 15:21:54,091 - log_untils.py[line:24] - INFO: 用户登录校验成功
2020-12-18 15:21:56,991 - log_untils.py[line:24] - INFO: [系统入口]元素识别成功
2020-12-18 15:21:57,444 - log_untils.py[line:24] - INFO: 点击[系统入口]元素
2020-12-18 15:21:59,445 - log_untils.py[line:24] - INFO: 等待2秒
2020-12-18 15:21:59,466 - log_untils.py[line:24] - INFO: [系统名称]元素识别成功
2020-12-18 15:21:59,541 - log_untils.py[line:24] - INFO: 点击[系统名称]元素
2020-12-18 15:21:59,541 - log_untils.py[line:24] - INFO: 点击变更管理
2020-12-18 15:22:01,541 - log_untils.py[line:24] - INFO: 等待2秒
2020-12-18 15:22:01,575 - log_untils.py[line:24] - INFO: [系统事件]元素识别成功
2020-12-18 15:22:01,686 - log_untils.py[line:24] - INFO: 点击[系统事件]元素
2020-12-18 15:22:04,686 - log_untils.py[line:24] - INFO: 等待3秒
2020-12-18 15:22:04,686 - log_untils.py[line:24] - INFO: --------测试方法执行结束--------
2020-12-18 15:22:06,851 - log_untils.py[line:24] - INFO: 关闭浏览器
2020-12-18 15:22:06,851 - log_untils.py[line:24] - INFO: ========测试类执行完毕========
2020-12-18 16:34:39,696 - log_untils.py[line:24] - INFO: ========测试类开始执行========
2020-12-18 16:34:39,696 - log_untils.py[line:24] - INFO: --------测试方法开始执行--------
2020-12-18 16:34:45,031 - log_untils.py[line:24] - INFO: 浏览器最大化
2020-12-18 16:34:45,036 - log_untils.py[line:24] - INFO: 添加隐式等待
2020-12-18 16:34:45,348 - log_untils.py[line:24] - INFO: 打开浏览器地址：https://petest.gds-services.com/portal/#/portal/r_todo
2020-12-18 16:34:45,461 - log_untils.py[line:24] - INFO: [用户框输入]元素识别成功
2020-12-18 16:34:45,530 - log_untils.py[line:24] - INFO: 输入[用户框输入]元素
2020-12-18 16:34:45,530 - log_untils.py[line:24] - INFO: 用户名输入框输入：chaiguangfei
2020-12-18 16:34:45,539 - log_untils.py[line:24] - INFO: [密码输入框]元素识别成功
2020-12-18 16:34:45,596 - log_untils.py[line:24] - INFO: 输入[密码输入框]元素
2020-12-18 16:34:45,596 - log_untils.py[line:24] - INFO: 密码输入框输入：Gds123456789
2020-12-18 16:34:45,611 - log_untils.py[line:24] - INFO: [登录按钮]元素识别成功
2020-12-18 16:34:45,638 - log_untils.py[line:24] - INFO: 点击[登录按钮]元素
2020-12-18 16:34:45,638 - log_untils.py[line:24] - INFO: [验证登陆失败]执行成功
2020-12-18 16:34:50,639 - log_untils.py[line:24] - INFO: 等待5秒
2020-12-18 16:34:50,639 - log_untils.py[line:24] - INFO: --------测试方法执行结束--------
2020-12-18 16:34:52,761 - log_untils.py[line:24] - INFO: 关闭浏览器
2020-12-18 16:34:52,761 - log_untils.py[line:24] - INFO: --------测试方法开始执行--------
2020-12-18 16:34:58,139 - log_untils.py[line:24] - INFO: 浏览器最大化
2020-12-18 16:34:58,140 - log_untils.py[line:24] - INFO: 添加隐式等待
2020-12-18 16:34:58,462 - log_untils.py[line:24] - INFO: 打开浏览器地址：https://petest.gds-services.com/portal/#/portal/r_todo
2020-12-18 16:34:58,556 - log_untils.py[line:24] - INFO: [用户框输入]元素识别成功
2020-12-18 16:34:58,623 - log_untils.py[line:24] - INFO: 输入[用户框输入]元素
2020-12-18 16:34:58,623 - log_untils.py[line:24] - INFO: 用户名输入框输入：chaiguangfei
2020-12-18 16:34:58,632 - log_untils.py[line:24] - INFO: [密码输入框]元素识别成功
2020-12-18 16:34:58,691 - log_untils.py[line:24] - INFO: 输入[密码输入框]元素
2020-12-18 16:34:58,691 - log_untils.py[line:24] - INFO: 密码输入框输入：Gds1234567890
2020-12-18 16:34:58,699 - log_untils.py[line:24] - INFO: [登录按钮]元素识别成功
2020-12-18 16:34:58,725 - log_untils.py[line:24] - INFO: 点击[登录按钮]元素
2020-12-18 16:34:58,725 - log_untils.py[line:24] - INFO: 点击登录按钮
2020-12-18 16:35:03,534 - log_untils.py[line:24] - INFO: [用户姓名]元素识别成功
2020-12-18 16:35:03,643 - log_untils.py[line:24] - INFO: 用户登录校验成功
2020-12-18 16:35:03,713 - log_untils.py[line:24] - INFO: [系统入口]元素识别成功
2020-12-18 16:35:04,037 - log_untils.py[line:24] - INFO: 点击[系统入口]元素
2020-12-18 16:35:06,038 - log_untils.py[line:24] - INFO: 等待2秒
2020-12-18 16:35:06,046 - log_untils.py[line:24] - INFO: [系统名称]元素识别成功
2020-12-18 16:35:06,078 - log_untils.py[line:24] - INFO: 点击[系统名称]元素
2020-12-18 16:35:06,078 - log_untils.py[line:24] - INFO: 点击变更管理
2020-12-18 16:35:08,079 - log_untils.py[line:24] - INFO: 等待2秒
2020-12-18 16:35:08,089 - log_untils.py[line:24] - INFO: [系统事件]元素识别成功
2020-12-18 16:35:08,118 - log_untils.py[line:24] - INFO: 点击[系统事件]元素
2020-12-18 16:35:11,118 - log_untils.py[line:24] - INFO: 等待3秒
2020-12-18 16:35:11,118 - log_untils.py[line:24] - INFO: --------测试方法执行结束--------
2020-12-18 16:35:13,290 - log_untils.py[line:24] - INFO: 关闭浏览器
2020-12-18 16:35:13,291 - log_untils.py[line:24] - INFO: ========测试类执行完毕========
2020-12-18 16:36:11,891 - log_untils.py[line:24] - INFO: ========测试类开始执行========
2020-12-18 16:36:11,892 - log_untils.py[line:24] - INFO: --------测试方法开始执行--------
2020-12-18 16:36:17,250 - log_untils.py[line:24] - INFO: 浏览器最大化
2020-12-18 16:36:17,254 - log_untils.py[line:24] - INFO: 添加隐式等待
2020-12-18 16:36:17,546 - log_untils.py[line:24] - INFO: 打开浏览器地址：https://petest.gds-services.com/portal/#/portal/r_todo
2020-12-18 16:36:17,654 - log_untils.py[line:24] - INFO: [用户框输入]元素识别成功
2020-12-18 16:36:17,721 - log_untils.py[line:24] - INFO: 输入[用户框输入]元素
2020-12-18 16:36:17,721 - log_untils.py[line:24] - INFO: 用户名输入框输入：chaiguangfei
2020-12-18 16:36:17,730 - log_untils.py[line:24] - INFO: [密码输入框]元素识别成功
2020-12-18 16:36:17,791 - log_untils.py[line:24] - INFO: 输入[密码输入框]元素
2020-12-18 16:36:17,791 - log_untils.py[line:24] - INFO: 密码输入框输入：Gds1234567890
2020-12-18 16:36:17,799 - log_untils.py[line:24] - INFO: [登录按钮]元素识别成功
2020-12-18 16:36:17,827 - log_untils.py[line:24] - INFO: 点击[登录按钮]元素
2020-12-18 16:36:17,827 - log_untils.py[line:24] - INFO: 点击登录按钮
2020-12-18 16:36:23,321 - log_untils.py[line:24] - INFO: [用户姓名]元素识别成功
2020-12-18 16:36:23,423 - log_untils.py[line:24] - INFO: 用户登录校验成功
2020-12-18 16:36:23,455 - log_untils.py[line:24] - INFO: [系统入口]元素识别成功
2020-12-18 16:36:23,746 - log_untils.py[line:24] - INFO: 点击[系统入口]元素
2020-12-18 16:36:25,747 - log_untils.py[line:24] - INFO: 等待2秒
2020-12-18 16:36:25,791 - log_untils.py[line:24] - INFO: [系统名称]元素识别成功
2020-12-18 16:36:25,856 - log_untils.py[line:24] - INFO: 点击[系统名称]元素
2020-12-18 16:36:25,856 - log_untils.py[line:24] - INFO: 点击变更管理
2020-12-18 16:36:27,856 - log_untils.py[line:24] - INFO: 等待2秒
2020-12-18 16:36:27,872 - log_untils.py[line:24] - INFO: [系统事件]元素识别成功
2020-12-18 16:36:27,905 - log_untils.py[line:24] - INFO: 点击[系统事件]元素
2020-12-18 16:36:30,905 - log_untils.py[line:24] - INFO: 等待3秒
2020-12-18 16:36:30,921 - log_untils.py[line:24] - INFO: --------测试方法执行结束--------
2020-12-18 16:36:33,105 - log_untils.py[line:24] - INFO: 关闭浏览器
2020-12-18 16:36:33,106 - log_untils.py[line:24] - INFO: ========测试类执行完毕========
2020-12-18 16:38:54,499 - log_untils.py[line:24] - INFO: ========测试类开始执行========
2020-12-18 16:38:54,500 - log_untils.py[line:24] - INFO: --------测试方法开始执行--------
2020-12-18 16:38:59,865 - log_untils.py[line:24] - INFO: 浏览器最大化
2020-12-18 16:38:59,866 - log_untils.py[line:24] - INFO: 添加隐式等待
2020-12-18 16:39:00,103 - log_untils.py[line:24] - INFO: 打开浏览器地址：https://petest.gds-services.com/portal/#/portal/r_todo
2020-12-18 16:39:00,191 - log_untils.py[line:24] - INFO: [用户框输入]元素识别成功
2020-12-18 16:39:00,266 - log_untils.py[line:24] - INFO: 输入[用户框输入]元素
2020-12-18 16:39:00,266 - log_untils.py[line:24] - INFO: 用户名输入框输入：chaiguangfei
2020-12-18 16:39:00,278 - log_untils.py[line:24] - INFO: [密码输入框]元素识别成功
2020-12-18 16:39:00,346 - log_untils.py[line:24] - INFO: 输入[密码输入框]元素
2020-12-18 16:39:00,346 - log_untils.py[line:24] - INFO: 密码输入框输入：Gds1234567890
2020-12-18 16:39:00,356 - log_untils.py[line:24] - INFO: [登录按钮]元素识别成功
2020-12-18 16:39:00,391 - log_untils.py[line:24] - INFO: 点击[登录按钮]元素
2020-12-18 16:39:00,392 - log_untils.py[line:24] - INFO: 点击登录按钮
2020-12-18 16:39:02,101 - log_untils.py[line:24] - INFO: [用户姓名]元素识别成功
2020-12-18 16:39:02,116 - log_untils.py[line:24] - INFO: 用户登录校验成功
2020-12-18 16:39:05,087 - log_untils.py[line:24] - INFO: [系统入口]元素识别成功
2020-12-18 16:39:05,571 - log_untils.py[line:24] - INFO: 点击[系统入口]元素
2020-12-18 16:39:07,572 - log_untils.py[line:24] - INFO: 等待2秒
2020-12-18 16:39:07,607 - log_untils.py[line:24] - INFO: [系统名称]元素识别成功
2020-12-18 16:39:07,695 - log_untils.py[line:24] - INFO: 点击[系统名称]元素
2020-12-18 16:39:07,695 - log_untils.py[line:24] - INFO: 点击变更管理
2020-12-18 16:39:09,695 - log_untils.py[line:24] - INFO: 等待2秒
2020-12-18 16:39:09,728 - log_untils.py[line:24] - INFO: [系统事件]元素识别成功
2020-12-18 16:39:09,836 - log_untils.py[line:24] - INFO: 点击[系统事件]元素
2020-12-18 16:39:12,836 - log_untils.py[line:24] - INFO: 等待3秒
2020-12-18 16:39:12,854 - log_untils.py[line:24] - INFO: --------测试方法执行结束--------
2020-12-18 16:39:15,033 - log_untils.py[line:24] - INFO: 关闭浏览器
2020-12-18 16:39:15,036 - log_untils.py[line:24] - INFO: ========测试类执行完毕========
2020-12-18 16:40:34,373 - log_untils.py[line:24] - INFO: ========测试类开始执行========
2020-12-18 16:40:34,373 - log_untils.py[line:24] - INFO: --------测试方法开始执行--------
2020-12-18 16:40:39,780 - log_untils.py[line:24] - INFO: 浏览器最大化
2020-12-18 16:40:39,780 - log_untils.py[line:24] - INFO: 添加隐式等待
2020-12-18 16:40:40,051 - log_untils.py[line:24] - INFO: 打开浏览器地址：https://petest.gds-services.com/portal/#/portal/r_todo
2020-12-18 16:40:40,147 - log_untils.py[line:24] - INFO: [用户框输入]元素识别成功
2020-12-18 16:40:40,222 - log_untils.py[line:24] - INFO: 输入[用户框输入]元素
2020-12-18 16:40:40,222 - log_untils.py[line:24] - INFO: 用户名输入框输入：chaiguangfei
2020-12-18 16:40:40,231 - log_untils.py[line:24] - INFO: [密码输入框]元素识别成功
2020-12-18 16:40:40,295 - log_untils.py[line:24] - INFO: 输入[密码输入框]元素
2020-12-18 16:40:40,296 - log_untils.py[line:24] - INFO: 密码输入框输入：Gds1234567890
2020-12-18 16:40:40,303 - log_untils.py[line:24] - INFO: [登录按钮]元素识别成功
2020-12-18 16:40:40,331 - log_untils.py[line:24] - INFO: 点击[登录按钮]元素
2020-12-18 16:40:40,331 - log_untils.py[line:24] - INFO: 点击登录按钮
2020-12-18 16:40:41,965 - log_untils.py[line:24] - INFO: [用户姓名]元素识别成功
2020-12-18 16:40:41,978 - log_untils.py[line:24] - INFO: 用户登录校验成功
2020-12-18 16:40:41,998 - log_untils.py[line:24] - INFO: [系统入口]元素识别成功
2020-12-18 16:40:45,390 - log_untils.py[line:24] - INFO: 点击[系统入口]元素
2020-12-18 16:40:47,390 - log_untils.py[line:24] - INFO: 等待2秒
2020-12-18 16:40:47,424 - log_untils.py[line:24] - INFO: [系统名称]元素识别成功
2020-12-18 16:40:47,500 - log_untils.py[line:24] - INFO: 点击[系统名称]元素
2020-12-18 16:40:47,500 - log_untils.py[line:24] - INFO: 点击变更管理
2020-12-18 16:40:49,500 - log_untils.py[line:24] - INFO: 等待2秒
2020-12-18 16:40:49,522 - log_untils.py[line:24] - INFO: [系统事件]元素识别成功
2020-12-18 16:40:49,610 - log_untils.py[line:24] - INFO: 点击[系统事件]元素
2020-12-18 16:40:52,612 - log_untils.py[line:24] - INFO: 等待3秒
2020-12-18 16:40:52,666 - log_untils.py[line:24] - INFO: [创建变更框架]元素识别成功
2020-12-18 16:40:52,725 - log_untils.py[line:24] - INFO: [变更名称]元素识别成功
2020-12-18 16:40:52,867 - log_untils.py[line:24] - INFO: 输入[变更名称]元素
2020-12-18 16:40:52,867 - log_untils.py[line:24] - INFO: 输入变更名称：1223
2020-12-18 16:41:02,869 - log_untils.py[line:24] - INFO: 等待10秒
2020-12-18 16:41:02,870 - log_untils.py[line:24] - INFO: --------测试方法执行结束--------
2020-12-18 16:41:05,056 - log_untils.py[line:24] - INFO: 关闭浏览器
2020-12-18 16:41:05,056 - log_untils.py[line:24] - INFO: ========测试类执行完毕========
2020-12-18 16:56:28,376 - log_untils.py[line:24] - INFO: ========测试类开始执行========
2020-12-18 16:56:28,376 - log_untils.py[line:24] - INFO: --------测试方法开始执行--------
2020-12-18 16:56:33,607 - log_untils.py[line:24] - INFO: 浏览器最大化
2020-12-18 16:56:33,608 - log_untils.py[line:24] - INFO: 添加隐式等待
2020-12-18 16:56:33,893 - log_untils.py[line:24] - INFO: 打开浏览器地址：https://petest.gds-services.com/portal/#/portal/r_todo
2020-12-18 16:56:33,996 - log_untils.py[line:24] - INFO: [用户框输入]元素识别成功
2020-12-18 16:56:34,062 - log_untils.py[line:24] - INFO: 输入[用户框输入]元素
2020-12-18 16:56:34,062 - log_untils.py[line:24] - INFO: 用户名输入框输入：chaiguangfei
2020-12-18 16:56:34,071 - log_untils.py[line:24] - INFO: [密码输入框]元素识别成功
2020-12-18 16:56:34,131 - log_untils.py[line:24] - INFO: 输入[密码输入框]元素
2020-12-18 16:56:34,131 - log_untils.py[line:24] - INFO: 密码输入框输入：Gds1234567890
2020-12-18 16:56:34,140 - log_untils.py[line:24] - INFO: [登录按钮]元素识别成功
2020-12-18 16:56:34,168 - log_untils.py[line:24] - INFO: 点击[登录按钮]元素
2020-12-18 16:56:34,168 - log_untils.py[line:24] - INFO: 点击登录按钮
2020-12-18 16:56:35,389 - log_untils.py[line:24] - INFO: [用户姓名]元素识别成功
2020-12-18 16:56:35,405 - log_untils.py[line:24] - INFO: 用户登录校验成功
2020-12-18 16:56:35,424 - log_untils.py[line:24] - INFO: [系统入口]元素识别成功
2020-12-18 16:56:38,815 - log_untils.py[line:24] - INFO: 点击[系统入口]元素
2020-12-18 16:56:40,817 - log_untils.py[line:24] - INFO: 等待2秒
2020-12-18 16:56:40,825 - log_untils.py[line:24] - INFO: [系统名称]元素识别成功
2020-12-18 16:56:40,852 - log_untils.py[line:24] - INFO: 点击[系统名称]元素
2020-12-18 16:56:40,853 - log_untils.py[line:24] - INFO: 点击变更管理
2020-12-18 16:56:42,853 - log_untils.py[line:24] - INFO: 等待2秒
2020-12-18 16:56:42,862 - log_untils.py[line:24] - INFO: [系统事件]元素识别成功
2020-12-18 16:56:42,884 - log_untils.py[line:24] - INFO: 点击[系统事件]元素
2020-12-18 16:56:45,885 - log_untils.py[line:24] - INFO: 等待3秒
2020-12-18 16:56:45,899 - log_untils.py[line:24] - INFO: [创建变更框架]元素识别成功
2020-12-18 16:56:45,920 - log_untils.py[line:24] - INFO: [变更名称]元素识别成功
2020-12-18 16:56:46,058 - log_untils.py[line:24] - INFO: 输入[变更名称]元素
2020-12-18 16:56:46,058 - log_untils.py[line:24] - INFO: 输入变更名称：1223
2020-12-18 16:56:56,058 - log_untils.py[line:24] - INFO: 等待10秒
2020-12-18 16:56:56,058 - log_untils.py[line:24] - INFO: --------测试方法执行结束--------
2020-12-18 16:56:58,110 - log_untils.py[line:24] - INFO: 关闭浏览器
2020-12-18 16:56:58,110 - log_untils.py[line:24] - INFO: ========测试类执行完毕========
