2020-12-17 10:13:31,279 - log_utils.py[line:22] - INFO: 123
2020-12-17 10:17:44,256 - log_utils.py[line:24] - INFO: 123
2020-12-17 10:20:27,179 - log_utils.py[line:24] - INFO: 浏览器最大化
2020-12-17 10:20:27,181 - log_utils.py[line:24] - INFO: 添加隐式等待
2020-12-17 10:20:27,606 - log_utils.py[line:24] - INFO: 所有用例执行完毕
2020-12-17 10:21:46,125 - log_utils.py[line:24] - INFO: 浏览器最大化
2020-12-17 10:21:46,126 - log_utils.py[line:24] - INFO: 添加隐式等待
2020-12-17 10:21:47,752 - log_utils.py[line:24] - INFO: 打开浏览器地址：https://petest.gds-services.com/portal/#/portal/r_todo
2020-12-17 10:21:48,096 - log_utils.py[line:24] - INFO: 用户名输入框输入：chaiguangfei
2020-12-17 10:21:48,179 - log_utils.py[line:24] - INFO: 密码输入框输入：Gds1234567890
2020-12-17 10:21:48,212 - log_utils.py[line:24] - INFO: 点击登录按钮
2020-12-17 10:21:56,445 - log_utils.py[line:24] - INFO: 用户登录校验成功
2020-12-17 10:21:56,806 - log_utils.py[line:24] - INFO: 点击进入系统入口
2020-12-17 10:21:58,806 - log_utils.py[line:24] - INFO: 等待2秒
2020-12-17 10:21:58,840 - log_utils.py[line:24] - INFO: 点击变更管理
2020-12-17 10:22:00,841 - log_utils.py[line:24] - INFO: 等待2秒
2020-12-17 10:22:03,874 - log_utils.py[line:24] - INFO: 等待3秒
2020-12-17 10:22:05,991 - log_utils.py[line:24] - INFO: 关闭浏览器
2020-12-17 10:22:05,991 - log_utils.py[line:24] - INFO: 所有用例执行完毕
2020-12-17 10:26:52,159 - log_utils.py[line:24] - INFO: ========测试类开始执行========
2020-12-17 10:26:52,159 - log_utils.py[line:24] - INFO: --------测试方法开始执行--------
2020-12-17 10:26:57,285 - log_utils.py[line:24] - INFO: 浏览器最大化
2020-12-17 10:26:57,286 - log_utils.py[line:24] - INFO: 添加隐式等待
2020-12-17 10:26:57,501 - log_utils.py[line:24] - INFO: 打开浏览器地址：https://petest.gds-services.com/portal/#/portal/r_todo
2020-12-17 10:26:57,653 - log_utils.py[line:24] - INFO: 用户名输入框输入：chaiguangfei
2020-12-17 10:26:57,721 - log_utils.py[line:24] - INFO: 密码输入框输入：Gds1234567890
2020-12-17 10:26:57,756 - log_utils.py[line:24] - INFO: 点击登录按钮
2020-12-17 10:26:58,929 - log_utils.py[line:24] - INFO: 用户登录校验成功
2020-12-17 10:27:00,215 - log_utils.py[line:24] - INFO: 点击进入系统入口
2020-12-17 10:27:02,216 - log_utils.py[line:24] - INFO: 等待2秒
2020-12-17 10:27:02,252 - log_utils.py[line:24] - INFO: 点击变更管理
2020-12-17 10:27:04,254 - log_utils.py[line:24] - INFO: 等待2秒
2020-12-17 10:27:07,289 - log_utils.py[line:24] - INFO: 等待3秒
2020-12-17 10:27:07,289 - log_utils.py[line:24] - INFO: --------测试方法执行结束--------
2020-12-17 10:27:09,396 - log_utils.py[line:24] - INFO: 关闭浏览器
2020-12-17 10:27:09,396 - log_utils.py[line:24] - INFO: ========测试类执行完毕========
2020-12-17 11:48:28,228 - log_utils.py[line:24] - INFO: ========测试类开始执行========
2020-12-17 11:48:28,228 - log_utils.py[line:24] - INFO: --------测试方法开始执行--------
2020-12-17 11:48:33,348 - log_utils.py[line:24] - INFO: 浏览器最大化
2020-12-17 11:48:33,349 - log_utils.py[line:24] - INFO: 添加隐式等待
2020-12-17 11:48:34,335 - log_utils.py[line:24] - INFO: 打开浏览器地址：https://petest.gds-services.com/portal/#/portal/r_todo
2020-12-17 11:48:34,346 - log_utils.py[line:24] - INFO: 用户框输入元素识别成功
2020-12-17 11:48:34,351 - log_utils.py[line:24] - INFO: --------测试方法执行结束--------
2020-12-17 11:48:36,639 - log_utils.py[line:24] - INFO: 关闭浏览器
2020-12-17 11:48:36,640 - log_utils.py[line:24] - INFO: --------测试方法开始执行--------
2020-12-17 11:48:41,761 - log_utils.py[line:24] - INFO: 浏览器最大化
2020-12-17 11:48:41,762 - log_utils.py[line:24] - INFO: 添加隐式等待
2020-12-17 11:48:42,291 - log_utils.py[line:24] - INFO: 打开浏览器地址：https://petest.gds-services.com/portal/#/portal/r_todo
2020-12-17 11:48:42,295 - log_utils.py[line:24] - INFO: 用户框输入元素识别成功
2020-12-17 11:48:42,295 - log_utils.py[line:24] - INFO: --------测试方法执行结束--------
2020-12-17 11:48:44,376 - log_utils.py[line:24] - INFO: 关闭浏览器
2020-12-17 11:48:44,376 - log_utils.py[line:24] - INFO: ========测试类执行完毕========
2020-12-17 11:49:43,380 - log_utils.py[line:24] - INFO: ========测试类开始执行========
2020-12-17 11:49:43,380 - log_utils.py[line:24] - INFO: --------测试方法开始执行--------
2020-12-17 11:49:48,537 - log_utils.py[line:24] - INFO: 浏览器最大化
2020-12-17 11:49:48,538 - log_utils.py[line:24] - INFO: 添加隐式等待
2020-12-17 11:49:48,904 - log_utils.py[line:24] - INFO: 打开浏览器地址：https://petest.gds-services.com/portal/#/portal/r_todo
2020-12-17 11:49:48,912 - log_utils.py[line:24] - INFO: 用户框输入元素识别成功
2020-12-17 11:49:48,913 - log_utils.py[line:24] - INFO: --------测试方法执行结束--------
2020-12-17 11:49:51,503 - log_utils.py[line:24] - INFO: 关闭浏览器
2020-12-17 11:49:51,504 - log_utils.py[line:24] - INFO: --------测试方法开始执行--------
2020-12-17 11:49:56,617 - log_utils.py[line:24] - INFO: 浏览器最大化
2020-12-17 11:49:56,618 - log_utils.py[line:24] - INFO: 添加隐式等待
2020-12-17 11:49:57,151 - log_utils.py[line:24] - INFO: 打开浏览器地址：https://petest.gds-services.com/portal/#/portal/r_todo
2020-12-17 11:49:57,154 - log_utils.py[line:24] - INFO: 用户框输入元素识别成功
2020-12-17 11:49:57,154 - log_utils.py[line:24] - INFO: --------测试方法执行结束--------
2020-12-17 11:49:59,249 - log_utils.py[line:24] - INFO: 关闭浏览器
2020-12-17 11:49:59,249 - log_utils.py[line:24] - INFO: ========测试类执行完毕========
2020-12-17 11:51:35,663 - log_utils.py[line:24] - INFO: ========测试类开始执行========
2020-12-17 11:51:35,664 - log_utils.py[line:24] - INFO: --------测试方法开始执行--------
2020-12-17 11:51:40,787 - log_utils.py[line:24] - INFO: 浏览器最大化
2020-12-17 11:51:40,788 - log_utils.py[line:24] - INFO: 添加隐式等待
2020-12-17 11:51:41,140 - log_utils.py[line:24] - INFO: 打开浏览器地址：https://petest.gds-services.com/portal/#/portal/r_todo
2020-12-17 11:51:41,225 - log_utils.py[line:24] - INFO: [用户框输入]元素识别成功
2020-12-17 11:51:41,290 - log_utils.py[line:24] - INFO: 用户名输入框输入：chaiguangfei
2020-12-17 11:51:41,300 - log_utils.py[line:24] - INFO: [密码输入框]元素识别成功
2020-12-17 11:51:41,357 - log_utils.py[line:24] - INFO: 密码输入框输入：Gds1234567890
2020-12-17 11:51:51,877 - log_utils.py[line:26] - ERROR: [测试点击]元素不能识别，原因是Message: 
：
2020-12-17 11:51:52,308 - log_utils.py[line:24] - INFO: --------测试方法执行结束--------
2020-12-17 11:51:54,408 - log_utils.py[line:24] - INFO: 关闭浏览器
2020-12-17 11:51:54,409 - log_utils.py[line:24] - INFO: --------测试方法开始执行--------
2020-12-17 11:51:59,526 - log_utils.py[line:24] - INFO: 浏览器最大化
2020-12-17 11:51:59,527 - log_utils.py[line:24] - INFO: 添加隐式等待
2020-12-17 11:51:59,850 - log_utils.py[line:24] - INFO: 打开浏览器地址：https://petest.gds-services.com/portal/#/portal/r_todo
2020-12-17 11:51:59,934 - log_utils.py[line:24] - INFO: [用户框输入]元素识别成功
2020-12-17 11:52:00,000 - log_utils.py[line:24] - INFO: 用户名输入框输入：chaiguangfei
2020-12-17 11:52:00,011 - log_utils.py[line:24] - INFO: [密码输入框]元素识别成功
2020-12-17 11:52:00,071 - log_utils.py[line:24] - INFO: 密码输入框输入：Gds1234567890
2020-12-17 11:52:00,079 - log_utils.py[line:24] - INFO: [登录按钮]元素识别成功
2020-12-17 11:52:00,105 - log_utils.py[line:24] - INFO: 点击登录按钮元素
2020-12-17 11:52:00,105 - log_utils.py[line:24] - INFO: 点击登录按钮
2020-12-17 11:52:10,665 - log_utils.py[line:26] - ERROR: [用户姓名]元素不能识别，原因是Message: 
：
2020-12-17 11:52:11,087 - log_utils.py[line:24] - INFO: --------测试方法执行结束--------
2020-12-17 11:52:13,178 - log_utils.py[line:24] - INFO: 关闭浏览器
2020-12-17 11:52:13,178 - log_utils.py[line:24] - INFO: ========测试类执行完毕========
2020-12-17 11:54:49,694 - log_utils.py[line:24] - INFO: ========测试类开始执行========
2020-12-17 11:54:49,694 - log_utils.py[line:24] - INFO: --------测试方法开始执行--------
2020-12-17 11:54:54,822 - log_utils.py[line:24] - INFO: 浏览器最大化
2020-12-17 11:54:54,823 - log_utils.py[line:24] - INFO: 添加隐式等待
2020-12-17 11:54:55,204 - log_utils.py[line:24] - INFO: 打开浏览器地址：https://petest.gds-services.com/portal/#/portal/r_todo
2020-12-17 11:54:55,294 - log_utils.py[line:24] - INFO: [用户框输入]元素识别成功
2020-12-17 11:54:55,358 - log_utils.py[line:24] - INFO: 用户名输入框输入：chaiguangfei
2020-12-17 11:54:55,368 - log_utils.py[line:24] - INFO: [密码输入框]元素识别成功
2020-12-17 11:54:55,425 - log_utils.py[line:24] - INFO: 密码输入框输入：Gds1234567890
2020-12-17 11:55:05,952 - log_utils.py[line:26] - ERROR: [测试点击]元素不能识别，原因是Message: 
：
2020-12-17 11:55:06,385 - log_utils.py[line:24] - INFO: --------测试方法执行结束--------
2020-12-17 11:55:08,477 - log_utils.py[line:24] - INFO: 关闭浏览器
2020-12-17 11:55:08,477 - log_utils.py[line:24] - INFO: --------测试方法开始执行--------
2020-12-17 11:55:13,634 - log_utils.py[line:24] - INFO: 浏览器最大化
2020-12-17 11:55:13,635 - log_utils.py[line:24] - INFO: 添加隐式等待
2020-12-17 11:55:13,877 - log_utils.py[line:24] - INFO: 打开浏览器地址：https://petest.gds-services.com/portal/#/portal/r_todo
2020-12-17 11:55:13,965 - log_utils.py[line:24] - INFO: [用户框输入]元素识别成功
2020-12-17 11:55:14,038 - log_utils.py[line:24] - INFO: 用户名输入框输入：chaiguangfei
2020-12-17 11:55:14,047 - log_utils.py[line:24] - INFO: [密码输入框]元素识别成功
2020-12-17 11:55:14,108 - log_utils.py[line:24] - INFO: 密码输入框输入：Gds1234567890
2020-12-17 11:55:14,116 - log_utils.py[line:24] - INFO: [登录按钮]元素识别成功
2020-12-17 11:55:14,143 - log_utils.py[line:24] - INFO: 点击登录按钮元素
2020-12-17 11:55:14,143 - log_utils.py[line:24] - INFO: 点击登录按钮
2020-12-17 11:55:19,405 - log_utils.py[line:24] - INFO: [用户姓名]元素识别成功
2020-12-17 11:55:19,553 - log_utils.py[line:24] - INFO: 用户登录校验成功
2020-12-17 11:55:19,588 - log_utils.py[line:24] - INFO: [系统入口]元素识别成功
2020-12-17 11:55:19,889 - log_utils.py[line:24] - INFO: 点击系统入口元素
2020-12-17 11:55:19,889 - log_utils.py[line:24] - INFO: 点击进入系统入口
2020-12-17 11:55:21,889 - log_utils.py[line:24] - INFO: 等待2秒
2020-12-17 11:55:21,898 - log_utils.py[line:24] - INFO: [系统名称]元素识别成功
2020-12-17 11:55:21,923 - log_utils.py[line:24] - INFO: 点击系统名称元素
2020-12-17 11:55:21,923 - log_utils.py[line:24] - INFO: 点击变更管理
2020-12-17 11:55:23,924 - log_utils.py[line:24] - INFO: 等待2秒
2020-12-17 11:55:23,932 - log_utils.py[line:24] - INFO: [系统事件]元素识别成功
2020-12-17 11:55:23,956 - log_utils.py[line:24] - INFO: 点击系统事件元素
2020-12-17 11:55:26,957 - log_utils.py[line:24] - INFO: 等待3秒
2020-12-17 11:55:26,957 - log_utils.py[line:24] - INFO: --------测试方法执行结束--------
2020-12-17 11:55:29,064 - log_utils.py[line:24] - INFO: 关闭浏览器
2020-12-17 11:55:29,064 - log_utils.py[line:24] - INFO: ========测试类执行完毕========
2020-12-17 14:02:13,421 - log_utils.py[line:24] - INFO: ========测试类开始执行========
2020-12-17 14:02:13,421 - log_utils.py[line:24] - INFO: --------测试方法开始执行--------
2020-12-17 14:02:18,558 - log_utils.py[line:24] - INFO: 浏览器最大化
2020-12-17 14:02:18,559 - log_utils.py[line:24] - INFO: 添加隐式等待
2020-12-17 14:02:18,933 - log_utils.py[line:24] - INFO: 打开浏览器地址：https://petest.gds-services.com/portal/#/portal/r_todo
2020-12-17 14:02:19,021 - log_utils.py[line:24] - INFO: [用户框输入]元素识别成功
2020-12-17 14:02:19,091 - log_utils.py[line:24] - INFO: 用户名输入框输入：chaiguangfei
2020-12-17 14:02:19,101 - log_utils.py[line:24] - INFO: [密码输入框]元素识别成功
2020-12-17 14:02:19,162 - log_utils.py[line:24] - INFO: 密码输入框输入：Gds1234567890
2020-12-17 14:02:29,673 - log_utils.py[line:26] - ERROR: [测试点击]元素不能识别，原因是Message: 
：
2020-12-17 14:02:30,103 - log_utils.py[line:24] - INFO: --------测试方法执行结束--------
2020-12-17 14:02:32,200 - log_utils.py[line:24] - INFO: 关闭浏览器
2020-12-17 14:02:32,201 - log_utils.py[line:24] - INFO: --------测试方法开始执行--------
2020-12-17 14:02:37,323 - log_utils.py[line:24] - INFO: 浏览器最大化
2020-12-17 14:02:37,324 - log_utils.py[line:24] - INFO: 添加隐式等待
2020-12-17 14:02:37,782 - log_utils.py[line:24] - INFO: 打开浏览器地址：https://petest.gds-services.com/portal/#/portal/r_todo
2020-12-17 14:02:37,863 - log_utils.py[line:24] - INFO: [用户框输入]元素识别成功
2020-12-17 14:02:37,926 - log_utils.py[line:24] - INFO: 用户名输入框输入：chaiguangfei
2020-12-17 14:02:37,937 - log_utils.py[line:24] - INFO: [密码输入框]元素识别成功
2020-12-17 14:02:37,996 - log_utils.py[line:24] - INFO: 密码输入框输入：Gds1234567890
2020-12-17 14:02:38,005 - log_utils.py[line:24] - INFO: [登录按钮]元素识别成功
2020-12-17 14:02:38,032 - log_utils.py[line:24] - INFO: 点击登录按钮元素
2020-12-17 14:02:38,032 - log_utils.py[line:24] - INFO: 点击登录按钮
2020-12-17 14:02:43,328 - log_utils.py[line:24] - INFO: [用户姓名]元素识别成功
2020-12-17 14:02:43,444 - log_utils.py[line:24] - INFO: 用户登录校验成功
2020-12-17 14:02:43,486 - log_utils.py[line:24] - INFO: [系统入口]元素识别成功
2020-12-17 14:02:43,794 - log_utils.py[line:24] - INFO: 点击系统入口元素
2020-12-17 14:02:43,794 - log_utils.py[line:24] - INFO: 点击进入系统入口
2020-12-17 14:02:45,795 - log_utils.py[line:24] - INFO: 等待2秒
2020-12-17 14:02:45,804 - log_utils.py[line:24] - INFO: [系统名称]元素识别成功
2020-12-17 14:02:45,829 - log_utils.py[line:24] - INFO: 点击系统名称元素
2020-12-17 14:02:45,829 - log_utils.py[line:24] - INFO: 点击变更管理
2020-12-17 14:02:47,829 - log_utils.py[line:24] - INFO: 等待2秒
2020-12-17 14:02:47,838 - log_utils.py[line:24] - INFO: [系统事件]元素识别成功
2020-12-17 14:02:47,861 - log_utils.py[line:24] - INFO: 点击系统事件元素
2020-12-17 14:02:50,862 - log_utils.py[line:24] - INFO: 等待3秒
2020-12-17 14:02:50,862 - log_utils.py[line:24] - INFO: --------测试方法执行结束--------
2020-12-17 14:02:52,969 - log_utils.py[line:24] - INFO: 关闭浏览器
2020-12-17 14:02:52,969 - log_utils.py[line:24] - INFO: ========测试类执行完毕========
2020-12-17 14:05:39,328 - log_utils.py[line:24] - INFO: ========测试类开始执行========
2020-12-17 14:05:39,328 - log_utils.py[line:24] - INFO: --------测试方法开始执行--------
2020-12-17 14:05:44,461 - log_utils.py[line:24] - INFO: 浏览器最大化
2020-12-17 14:05:44,462 - log_utils.py[line:24] - INFO: 添加隐式等待
2020-12-17 14:05:45,474 - log_utils.py[line:24] - INFO: 打开浏览器地址：https://petest.gds-services.com/portal/#/portal/r_todo
2020-12-17 14:05:45,609 - log_utils.py[line:24] - INFO: [用户框输入]元素识别成功
2020-12-17 14:05:45,668 - log_utils.py[line:24] - INFO: 用户名输入框输入：chaiguangfei
2020-12-17 14:05:45,677 - log_utils.py[line:24] - INFO: [密码输入框]元素识别成功
2020-12-17 14:05:45,736 - log_utils.py[line:24] - INFO: 密码输入框输入：Gds1234567890
2020-12-17 14:05:56,247 - log_utils.py[line:26] - ERROR: [测试点击]元素不能识别，原因是Message: 
：
2020-12-17 14:05:56,666 - log_utils.py[line:24] - INFO: --------测试方法执行结束--------
2020-12-17 14:05:58,754 - log_utils.py[line:24] - INFO: 关闭浏览器
2020-12-17 14:05:58,755 - log_utils.py[line:24] - INFO: --------测试方法开始执行--------
2020-12-17 14:06:03,892 - log_utils.py[line:24] - INFO: 浏览器最大化
2020-12-17 14:06:03,893 - log_utils.py[line:24] - INFO: 添加隐式等待
2020-12-17 14:06:05,212 - log_utils.py[line:24] - INFO: 打开浏览器地址：https://petest.gds-services.com/portal/#/portal/r_todo
2020-12-17 14:06:05,499 - log_utils.py[line:24] - INFO: [用户框输入]元素识别成功
2020-12-17 14:06:05,564 - log_utils.py[line:24] - INFO: 用户名输入框输入：chaiguangfei
2020-12-17 14:06:05,576 - log_utils.py[line:24] - INFO: [密码输入框]元素识别成功
2020-12-17 14:06:05,638 - log_utils.py[line:24] - INFO: 密码输入框输入：Gds1234567890
2020-12-17 14:06:05,647 - log_utils.py[line:24] - INFO: [登录按钮]元素识别成功
2020-12-17 14:06:05,678 - log_utils.py[line:24] - INFO: 点击[登录按钮]元素
2020-12-17 14:06:05,678 - log_utils.py[line:24] - INFO: 点击登录按钮
2020-12-17 14:06:13,677 - log_utils.py[line:24] - INFO: [用户姓名]元素识别成功
2020-12-17 14:06:13,694 - log_utils.py[line:24] - INFO: 用户登录校验成功
2020-12-17 14:06:13,723 - log_utils.py[line:24] - INFO: [系统入口]元素识别成功
2020-12-17 14:06:14,152 - log_utils.py[line:24] - INFO: 点击[系统入口]元素
2020-12-17 14:06:16,153 - log_utils.py[line:24] - INFO: 等待2秒
2020-12-17 14:06:16,162 - log_utils.py[line:24] - INFO: [系统名称]元素识别成功
2020-12-17 14:06:16,187 - log_utils.py[line:24] - INFO: 点击[系统名称]元素
2020-12-17 14:06:16,188 - log_utils.py[line:24] - INFO: 点击变更管理
2020-12-17 14:06:18,189 - log_utils.py[line:24] - INFO: 等待2秒
2020-12-17 14:06:18,198 - log_utils.py[line:24] - INFO: [系统事件]元素识别成功
2020-12-17 14:06:18,221 - log_utils.py[line:24] - INFO: 点击[系统事件]元素
2020-12-17 14:06:21,222 - log_utils.py[line:24] - INFO: 等待3秒
2020-12-17 14:06:21,222 - log_utils.py[line:24] - INFO: --------测试方法执行结束--------
2020-12-17 14:06:23,321 - log_utils.py[line:24] - INFO: 关闭浏览器
2020-12-17 14:06:23,321 - log_utils.py[line:24] - INFO: ========测试类执行完毕========
2020-12-17 14:13:09,859 - log_utils.py[line:24] - INFO: ========测试类开始执行========
2020-12-17 14:13:09,859 - log_utils.py[line:24] - INFO: --------测试方法开始执行--------
2020-12-17 14:13:14,987 - log_utils.py[line:24] - INFO: 浏览器最大化
2020-12-17 14:13:14,988 - log_utils.py[line:24] - INFO: 添加隐式等待
2020-12-17 14:13:15,301 - log_utils.py[line:24] - INFO: 打开浏览器地址：https://petest.gds-services.com/portal/#/portal/r_todo
2020-12-17 14:13:15,382 - log_utils.py[line:24] - INFO: [用户框输入]元素识别成功
2020-12-17 14:13:15,444 - log_utils.py[line:24] - INFO: 输入[用户框输入]元素
2020-12-17 14:13:15,444 - log_utils.py[line:24] - INFO: 用户名输入框输入：chaiguangfei
2020-12-17 14:13:15,453 - log_utils.py[line:24] - INFO: [密码输入框]元素识别成功
2020-12-17 14:13:15,513 - log_utils.py[line:24] - INFO: 输入[密码输入框]元素
2020-12-17 14:13:15,513 - log_utils.py[line:24] - INFO: 密码输入框输入：Gds1234567890
2020-12-17 14:13:26,060 - log_utils.py[line:26] - ERROR: [测试点击]元素不能识别，原因是Message: 
：
2020-12-17 14:13:26,490 - log_utils.py[line:24] - INFO: --------测试方法执行结束--------
2020-12-17 14:13:28,592 - log_utils.py[line:24] - INFO: 关闭浏览器
2020-12-17 14:13:28,593 - log_utils.py[line:24] - INFO: --------测试方法开始执行--------
2020-12-17 14:13:33,721 - log_utils.py[line:24] - INFO: 浏览器最大化
2020-12-17 14:13:33,722 - log_utils.py[line:24] - INFO: 添加隐式等待
2020-12-17 14:13:33,888 - log_utils.py[line:24] - INFO: 打开浏览器地址：https://petest.gds-services.com/portal/#/portal/r_todo
2020-12-17 14:13:33,962 - log_utils.py[line:24] - INFO: [用户框输入]元素识别成功
2020-12-17 14:13:34,024 - log_utils.py[line:24] - INFO: 输入[用户框输入]元素
2020-12-17 14:13:34,024 - log_utils.py[line:24] - INFO: 用户名输入框输入：chaiguangfei
2020-12-17 14:13:34,033 - log_utils.py[line:24] - INFO: [密码输入框]元素识别成功
2020-12-17 14:13:34,088 - log_utils.py[line:24] - INFO: 输入[密码输入框]元素
2020-12-17 14:13:34,089 - log_utils.py[line:24] - INFO: 密码输入框输入：Gds1234567890
2020-12-17 14:13:34,096 - log_utils.py[line:24] - INFO: [登录按钮]元素识别成功
2020-12-17 14:13:34,122 - log_utils.py[line:24] - INFO: 点击[登录按钮]元素
2020-12-17 14:13:34,123 - log_utils.py[line:24] - INFO: 点击登录按钮
2020-12-17 14:13:35,321 - log_utils.py[line:24] - INFO: [用户姓名]元素识别成功
2020-12-17 14:13:35,333 - log_utils.py[line:24] - INFO: 用户登录校验成功
2020-12-17 14:13:35,349 - log_utils.py[line:24] - INFO: [系统入口]元素识别成功
2020-12-17 14:13:36,518 - log_utils.py[line:24] - INFO: 点击[系统入口]元素
2020-12-17 14:13:38,519 - log_utils.py[line:24] - INFO: 等待2秒
2020-12-17 14:13:38,532 - log_utils.py[line:24] - INFO: [系统名称]元素识别成功
2020-12-17 14:13:38,637 - log_utils.py[line:24] - INFO: 点击[系统名称]元素
2020-12-17 14:13:38,638 - log_utils.py[line:24] - INFO: 点击变更管理
2020-12-17 14:13:40,639 - log_utils.py[line:24] - INFO: 等待2秒
2020-12-17 14:13:40,647 - log_utils.py[line:24] - INFO: [系统事件]元素识别成功
2020-12-17 14:13:40,671 - log_utils.py[line:24] - INFO: 点击[系统事件]元素
2020-12-17 14:13:43,671 - log_utils.py[line:24] - INFO: 等待3秒
2020-12-17 14:13:43,671 - log_utils.py[line:24] - INFO: --------测试方法执行结束--------
2020-12-17 14:13:45,779 - log_utils.py[line:24] - INFO: 关闭浏览器
2020-12-17 14:13:45,779 - log_utils.py[line:24] - INFO: ========测试类执行完毕========
2020-12-17 14:15:22,032 - log_utils.py[line:24] - INFO: ========测试类开始执行========
2020-12-17 14:15:22,032 - log_utils.py[line:24] - INFO: --------测试方法开始执行--------
2020-12-17 14:15:27,199 - log_utils.py[line:24] - INFO: 浏览器最大化
2020-12-17 14:15:27,201 - log_utils.py[line:24] - INFO: 添加隐式等待
2020-12-17 14:15:27,437 - log_utils.py[line:24] - INFO: 打开浏览器地址：https://petest.gds-services.com/portal/#/portal/r_todo
2020-12-17 14:15:27,525 - log_utils.py[line:24] - INFO: [用户框输入]元素识别成功
2020-12-17 14:15:27,594 - log_utils.py[line:24] - INFO: 输入[用户框输入]元素
2020-12-17 14:15:27,594 - log_utils.py[line:24] - INFO: 用户名输入框输入：chaiguangfei
2020-12-17 14:15:27,603 - log_utils.py[line:24] - INFO: [密码输入框]元素识别成功
2020-12-17 14:15:27,660 - log_utils.py[line:24] - INFO: 输入[密码输入框]元素
2020-12-17 14:15:27,660 - log_utils.py[line:24] - INFO: 密码输入框输入：Gds1234567890
2020-12-17 14:15:38,190 - log_utils.py[line:26] - ERROR: [测试点击]元素不能识别，原因是Message: 
：
2020-12-17 14:15:38,619 - log_utils.py[line:24] - INFO: --------测试方法执行结束--------
2020-12-17 14:15:40,711 - log_utils.py[line:24] - INFO: 关闭浏览器
2020-12-17 14:15:40,714 - log_utils.py[line:24] - INFO: --------测试方法开始执行--------
2020-12-17 14:15:45,870 - log_utils.py[line:24] - INFO: 浏览器最大化
2020-12-17 14:15:45,871 - log_utils.py[line:24] - INFO: 添加隐式等待
2020-12-17 14:15:46,115 - log_utils.py[line:24] - INFO: 打开浏览器地址：https://petest.gds-services.com/portal/#/portal/r_todo
2020-12-17 14:15:46,200 - log_utils.py[line:24] - INFO: [用户框输入]元素识别成功
2020-12-17 14:15:46,264 - log_utils.py[line:24] - INFO: 输入[用户框输入]元素
2020-12-17 14:15:46,264 - log_utils.py[line:24] - INFO: 用户名输入框输入：chaiguangfei
2020-12-17 14:15:46,274 - log_utils.py[line:24] - INFO: [密码输入框]元素识别成功
2020-12-17 14:15:46,333 - log_utils.py[line:24] - INFO: 输入[密码输入框]元素
2020-12-17 14:15:46,333 - log_utils.py[line:24] - INFO: 密码输入框输入：Gds1234567890
2020-12-17 14:15:46,341 - log_utils.py[line:24] - INFO: [登录按钮]元素识别成功
2020-12-17 14:15:46,368 - log_utils.py[line:24] - INFO: 点击[登录按钮]元素
2020-12-17 14:15:46,368 - log_utils.py[line:24] - INFO: 点击登录按钮
2020-12-17 14:15:47,548 - log_utils.py[line:24] - INFO: [用户姓名]元素识别成功
2020-12-17 14:15:47,559 - log_utils.py[line:24] - INFO: 用户登录校验成功
2020-12-17 14:15:47,576 - log_utils.py[line:24] - INFO: [系统入口]元素识别成功
2020-12-17 14:15:47,665 - log_utils.py[line:24] - INFO: 点击[系统入口]元素
2020-12-17 14:15:49,666 - log_utils.py[line:24] - INFO: 等待2秒
2020-12-17 14:15:49,675 - log_utils.py[line:24] - INFO: [系统名称]元素识别成功
2020-12-17 14:15:49,702 - log_utils.py[line:24] - INFO: 点击[系统名称]元素
2020-12-17 14:15:49,702 - log_utils.py[line:24] - INFO: 点击变更管理
2020-12-17 14:15:51,702 - log_utils.py[line:24] - INFO: 等待2秒
2020-12-17 14:15:51,710 - log_utils.py[line:24] - INFO: [系统事件]元素识别成功
2020-12-17 14:15:51,733 - log_utils.py[line:24] - INFO: 点击[系统事件]元素
2020-12-17 14:15:54,734 - log_utils.py[line:24] - INFO: 等待3秒
2020-12-17 14:15:54,734 - log_utils.py[line:24] - INFO: --------测试方法执行结束--------
2020-12-17 14:15:56,838 - log_utils.py[line:24] - INFO: 关闭浏览器
2020-12-17 14:15:56,838 - log_utils.py[line:24] - INFO: ========测试类执行完毕========
2020-12-17 14:16:49,488 - log_utils.py[line:24] - INFO: ========测试类开始执行========
2020-12-17 14:16:49,488 - log_utils.py[line:24] - INFO: --------测试方法开始执行--------
2020-12-17 14:16:54,610 - log_utils.py[line:24] - INFO: 浏览器最大化
2020-12-17 14:16:54,611 - log_utils.py[line:24] - INFO: 添加隐式等待
2020-12-17 14:16:54,831 - log_utils.py[line:24] - INFO: 打开浏览器地址：https://petest.gds-services.com/portal/#/portal/r_todo
2020-12-17 14:16:54,915 - log_utils.py[line:24] - INFO: [用户框输入]元素识别成功
2020-12-17 14:16:54,981 - log_utils.py[line:24] - INFO: 输入[用户框输入]元素
2020-12-17 14:16:54,981 - log_utils.py[line:24] - INFO: 用户名输入框输入：chaiguangfei
2020-12-17 14:16:54,991 - log_utils.py[line:24] - INFO: [密码输入框]元素识别成功
2020-12-17 14:16:55,047 - log_utils.py[line:24] - INFO: 输入[密码输入框]元素
2020-12-17 14:16:55,047 - log_utils.py[line:24] - INFO: 密码输入框输入：Gds1234567890
2020-12-17 14:17:05,594 - log_utils.py[line:26] - ERROR: [测试点击]元素不能识别，原因是Message: 
：
2020-12-17 14:17:06,016 - log_utils.py[line:24] - INFO: --------测试方法执行结束--------
2020-12-17 14:17:08,109 - log_utils.py[line:24] - INFO: 关闭浏览器
2020-12-17 14:17:08,110 - log_utils.py[line:24] - INFO: ========测试类执行完毕========
2020-12-17 14:21:49,628 - log_utils.py[line:24] - INFO: ========测试类开始执行========
2020-12-17 14:21:49,628 - log_utils.py[line:24] - INFO: --------测试方法开始执行--------
2020-12-17 14:21:54,751 - log_utils.py[line:24] - INFO: 浏览器最大化
2020-12-17 14:21:54,752 - log_utils.py[line:24] - INFO: 添加隐式等待
2020-12-17 14:21:55,047 - log_utils.py[line:24] - INFO: 打开浏览器地址：https://petest.gds-services.com/portal/#/portal/r_todo
2020-12-17 14:21:55,133 - log_utils.py[line:24] - INFO: [用户框输入]元素识别成功
2020-12-17 14:21:55,204 - log_utils.py[line:24] - INFO: 输入[用户框输入]元素
2020-12-17 14:21:55,204 - log_utils.py[line:24] - INFO: 用户名输入框输入：chaiguangfei
2020-12-17 14:21:55,213 - log_utils.py[line:24] - INFO: [密码输入框]元素识别成功
2020-12-17 14:21:55,273 - log_utils.py[line:24] - INFO: 输入[密码输入框]元素
2020-12-17 14:21:55,274 - log_utils.py[line:24] - INFO: 密码输入框输入：Gds1234567890
2020-12-17 14:22:05,807 - log_utils.py[line:26] - ERROR: [测试点击]元素不能识别，原因是Message: 
：
2020-12-17 14:22:06,237 - log_utils.py[line:24] - INFO: --------测试方法执行结束--------
2020-12-17 14:22:08,321 - log_utils.py[line:24] - INFO: 关闭浏览器
2020-12-17 14:22:08,321 - log_utils.py[line:24] - INFO: ========测试类执行完毕========
2020-12-17 20:02:02,243 - log_utils.py[line:24] - INFO: ========测试类开始执行========
2020-12-17 20:02:02,244 - log_utils.py[line:24] - INFO: --------测试方法开始执行--------
2020-12-17 20:02:07,385 - log_utils.py[line:24] - INFO: 浏览器最大化
2020-12-17 20:02:07,386 - log_utils.py[line:24] - INFO: 添加隐式等待
2020-12-17 20:02:07,823 - log_utils.py[line:26] - ERROR: 不能打开指定的网址，原因是:Message: unknown error: net::ERR_NAME_NOT_RESOLVED
  (Session info: chrome=87.0.4280.88)

2020-12-17 20:02:18,388 - log_utils.py[line:26] - ERROR: [用户框输入]元素不能识别，原因是Message: 
：
2020-12-17 20:02:18,729 - log_utils.py[line:24] - INFO: --------测试方法执行结束--------
2020-12-17 20:02:20,813 - log_utils.py[line:24] - INFO: 关闭浏览器
2020-12-17 20:02:20,814 - log_utils.py[line:24] - INFO: --------测试方法开始执行--------
2020-12-17 20:02:25,977 - log_utils.py[line:24] - INFO: 浏览器最大化
2020-12-17 20:02:25,978 - log_utils.py[line:24] - INFO: 添加隐式等待
2020-12-17 20:02:26,213 - log_utils.py[line:26] - ERROR: 不能打开指定的网址，原因是:Message: unknown error: net::ERR_NAME_NOT_RESOLVED
  (Session info: chrome=87.0.4280.88)

2020-12-17 20:02:36,767 - log_utils.py[line:26] - ERROR: [用户框输入]元素不能识别，原因是Message: 
：
2020-12-17 20:02:37,169 - log_utils.py[line:24] - INFO: --------测试方法执行结束--------
2020-12-17 20:02:39,263 - log_utils.py[line:24] - INFO: 关闭浏览器
2020-12-17 20:02:39,263 - log_utils.py[line:24] - INFO: ========测试类执行完毕========
2020-12-17 20:02:44,402 - log_utils.py[line:24] - INFO: ========测试类开始执行========
2020-12-17 20:02:44,402 - log_utils.py[line:24] - INFO: --------测试方法开始执行--------
2020-12-17 20:02:49,554 - log_utils.py[line:24] - INFO: 浏览器最大化
2020-12-17 20:02:49,556 - log_utils.py[line:24] - INFO: 添加隐式等待
2020-12-17 20:02:49,922 - log_utils.py[line:24] - INFO: 打开浏览器地址：https://petest.gds-services.com/portal/#/portal/r_todo
2020-12-17 20:02:50,005 - log_utils.py[line:24] - INFO: [用户框输入]元素识别成功
2020-12-17 20:02:50,068 - log_utils.py[line:24] - INFO: 输入[用户框输入]元素
2020-12-17 20:02:50,068 - log_utils.py[line:24] - INFO: 用户名输入框输入：chaiguangfei
2020-12-17 20:02:50,076 - log_utils.py[line:24] - INFO: [密码输入框]元素识别成功
2020-12-17 20:02:50,131 - log_utils.py[line:24] - INFO: 输入[密码输入框]元素
2020-12-17 20:02:50,131 - log_utils.py[line:24] - INFO: 密码输入框输入：Gds1234567890
2020-12-17 20:02:50,142 - log_utils.py[line:24] - INFO: [登录按钮]元素识别成功
2020-12-17 20:02:50,168 - log_utils.py[line:24] - INFO: 点击[登录按钮]元素
2020-12-17 20:02:50,168 - log_utils.py[line:24] - INFO: --------测试方法执行结束--------
2020-12-17 20:02:52,249 - log_utils.py[line:24] - INFO: 关闭浏览器
2020-12-17 20:02:52,249 - log_utils.py[line:24] - INFO: --------测试方法开始执行--------
2020-12-17 20:02:57,388 - log_utils.py[line:24] - INFO: 浏览器最大化
2020-12-17 20:02:57,389 - log_utils.py[line:24] - INFO: 添加隐式等待
2020-12-17 20:02:57,735 - log_utils.py[line:24] - INFO: 打开浏览器地址：https://petest.gds-services.com/portal/#/portal/r_todo
2020-12-17 20:02:57,835 - log_utils.py[line:24] - INFO: [用户框输入]元素识别成功
2020-12-17 20:02:57,900 - log_utils.py[line:24] - INFO: 输入[用户框输入]元素
2020-12-17 20:02:57,900 - log_utils.py[line:24] - INFO: 用户名输入框输入：chaiguangfei
2020-12-17 20:02:57,911 - log_utils.py[line:24] - INFO: [密码输入框]元素识别成功
2020-12-17 20:02:57,973 - log_utils.py[line:24] - INFO: 输入[密码输入框]元素
2020-12-17 20:02:57,973 - log_utils.py[line:24] - INFO: 密码输入框输入：Gds1234567890
2020-12-17 20:02:57,982 - log_utils.py[line:24] - INFO: [登录按钮]元素识别成功
2020-12-17 20:02:58,012 - log_utils.py[line:24] - INFO: 点击[登录按钮]元素
2020-12-17 20:02:58,012 - log_utils.py[line:24] - INFO: 点击登录按钮
2020-12-17 20:02:59,175 - log_utils.py[line:24] - INFO: [用户姓名]元素识别成功
2020-12-17 20:02:59,190 - log_utils.py[line:24] - INFO: 用户登录校验成功
2020-12-17 20:02:59,212 - log_utils.py[line:24] - INFO: [系统入口]元素识别成功
2020-12-17 20:02:59,298 - log_utils.py[line:24] - INFO: 点击[系统入口]元素
2020-12-17 20:03:01,298 - log_utils.py[line:24] - INFO: 等待2秒
2020-12-17 20:03:01,307 - log_utils.py[line:24] - INFO: [系统名称]元素识别成功
2020-12-17 20:03:01,334 - log_utils.py[line:24] - INFO: 点击[系统名称]元素
2020-12-17 20:03:01,334 - log_utils.py[line:24] - INFO: 点击变更管理
2020-12-17 20:03:03,335 - log_utils.py[line:24] - INFO: 等待2秒
2020-12-17 20:03:03,345 - log_utils.py[line:24] - INFO: [系统事件]元素识别成功
2020-12-17 20:03:03,371 - log_utils.py[line:24] - INFO: 点击[系统事件]元素
2020-12-17 20:03:06,372 - log_utils.py[line:24] - INFO: 等待3秒
2020-12-17 20:03:06,372 - log_utils.py[line:24] - INFO: --------测试方法执行结束--------
2020-12-17 20:03:08,475 - log_utils.py[line:24] - INFO: 关闭浏览器
2020-12-17 20:03:08,475 - log_utils.py[line:24] - INFO: ========测试类执行完毕========
2020-12-17 20:10:19,292 - log_utils.py[line:24] - INFO: ========测试类开始执行========
2020-12-17 20:10:19,292 - log_utils.py[line:24] - INFO: --------测试方法开始执行--------
2020-12-17 20:10:24,165 - log_utils.py[line:24] - INFO: 浏览器最大化
2020-12-17 20:10:24,166 - log_utils.py[line:24] - INFO: 添加隐式等待
2020-12-17 20:10:24,375 - log_utils.py[line:24] - INFO: 打开浏览器地址：https://petest.gds-services.com/portal/#/portal/r_todo
2020-12-17 20:10:24,482 - log_utils.py[line:24] - INFO: [用户框输入]元素识别成功
2020-12-17 20:10:24,548 - log_utils.py[line:24] - INFO: 输入[用户框输入]元素
2020-12-17 20:10:24,548 - log_utils.py[line:24] - INFO: 用户名输入框输入：chaiguangfei
2020-12-17 20:10:24,558 - log_utils.py[line:24] - INFO: [密码输入框]元素识别成功
2020-12-17 20:10:24,614 - log_utils.py[line:24] - INFO: 输入[密码输入框]元素
2020-12-17 20:10:24,615 - log_utils.py[line:24] - INFO: 密码输入框输入：Gds123456789
2020-12-17 20:10:24,627 - log_utils.py[line:24] - INFO: [登录按钮]元素识别成功
2020-12-17 20:10:24,652 - log_utils.py[line:24] - INFO: 点击[登录按钮]元素
2020-12-17 20:10:29,653 - log_utils.py[line:24] - INFO: 等待5秒
2020-12-17 20:10:29,653 - log_utils.py[line:24] - INFO: --------测试方法执行结束--------
2020-12-17 20:10:31,749 - log_utils.py[line:24] - INFO: 关闭浏览器
2020-12-17 20:10:31,749 - log_utils.py[line:24] - INFO: --------测试方法开始执行--------
2020-12-17 20:10:36,904 - log_utils.py[line:24] - INFO: 浏览器最大化
2020-12-17 20:10:36,905 - log_utils.py[line:24] - INFO: 添加隐式等待
2020-12-17 20:10:37,103 - log_utils.py[line:24] - INFO: 打开浏览器地址：https://petest.gds-services.com/portal/#/portal/r_todo
2020-12-17 20:10:37,184 - log_utils.py[line:24] - INFO: [用户框输入]元素识别成功
2020-12-17 20:10:37,250 - log_utils.py[line:24] - INFO: 输入[用户框输入]元素
2020-12-17 20:10:37,250 - log_utils.py[line:24] - INFO: 用户名输入框输入：chaiguangfei
2020-12-17 20:10:37,261 - log_utils.py[line:24] - INFO: [密码输入框]元素识别成功
2020-12-17 20:10:37,317 - log_utils.py[line:24] - INFO: 输入[密码输入框]元素
2020-12-17 20:10:37,317 - log_utils.py[line:24] - INFO: 密码输入框输入：Gds1234567890
2020-12-17 20:10:37,325 - log_utils.py[line:24] - INFO: [登录按钮]元素识别成功
2020-12-17 20:10:37,353 - log_utils.py[line:24] - INFO: 点击[登录按钮]元素
2020-12-17 20:10:37,353 - log_utils.py[line:24] - INFO: 点击登录按钮
2020-12-17 20:10:38,430 - log_utils.py[line:24] - INFO: [用户姓名]元素识别成功
2020-12-17 20:10:38,441 - log_utils.py[line:24] - INFO: 用户登录校验成功
2020-12-17 20:10:38,460 - log_utils.py[line:24] - INFO: [系统入口]元素识别成功
2020-12-17 20:10:38,529 - log_utils.py[line:24] - INFO: 点击[系统入口]元素
2020-12-17 20:10:40,530 - log_utils.py[line:24] - INFO: 等待2秒
2020-12-17 20:10:40,539 - log_utils.py[line:24] - INFO: [系统名称]元素识别成功
2020-12-17 20:10:40,567 - log_utils.py[line:24] - INFO: 点击[系统名称]元素
2020-12-17 20:10:40,567 - log_utils.py[line:24] - INFO: 点击变更管理
2020-12-17 20:10:42,567 - log_utils.py[line:24] - INFO: 等待2秒
2020-12-17 20:10:42,576 - log_utils.py[line:24] - INFO: [系统事件]元素识别成功
2020-12-17 20:10:42,603 - log_utils.py[line:24] - INFO: 点击[系统事件]元素
2020-12-17 20:10:45,603 - log_utils.py[line:24] - INFO: 等待3秒
2020-12-17 20:10:45,603 - log_utils.py[line:24] - INFO: --------测试方法执行结束--------
2020-12-17 20:10:47,712 - log_utils.py[line:24] - INFO: 关闭浏览器
2020-12-17 20:10:47,712 - log_utils.py[line:24] - INFO: ========测试类执行完毕========
2020-12-17 20:15:18,320 - log_utils.py[line:24] - INFO: ========测试类开始执行========
2020-12-17 20:15:18,320 - log_utils.py[line:24] - INFO: --------测试方法开始执行--------
2020-12-17 20:15:23,459 - log_utils.py[line:24] - INFO: 浏览器最大化
2020-12-17 20:15:23,460 - log_utils.py[line:24] - INFO: 添加隐式等待
2020-12-17 20:15:23,677 - log_utils.py[line:24] - INFO: 打开浏览器地址：https://petest.gds-services.com/portal/#/portal/r_todo
2020-12-17 20:15:23,763 - log_utils.py[line:24] - INFO: [用户框输入]元素识别成功
2020-12-17 20:15:23,828 - log_utils.py[line:24] - INFO: 输入[用户框输入]元素
2020-12-17 20:15:23,828 - log_utils.py[line:24] - INFO: 用户名输入框输入：chaiguangfei
2020-12-17 20:15:23,837 - log_utils.py[line:24] - INFO: [密码输入框]元素识别成功
2020-12-17 20:15:23,892 - log_utils.py[line:24] - INFO: 输入[密码输入框]元素
2020-12-17 20:15:23,892 - log_utils.py[line:24] - INFO: 密码输入框输入：Gds123456789
2020-12-17 20:15:23,904 - log_utils.py[line:24] - INFO: [登录按钮]元素识别成功
2020-12-17 20:15:23,930 - log_utils.py[line:24] - INFO: 点击[登录按钮]元素
2020-12-17 20:15:23,930 - log_utils.py[line:24] - INFO: [验证登陆失败]执行成功
2020-12-17 20:15:28,931 - log_utils.py[line:24] - INFO: 等待5秒
2020-12-17 20:15:28,931 - log_utils.py[line:24] - INFO: --------测试方法执行结束--------
2020-12-17 20:15:31,018 - log_utils.py[line:24] - INFO: 关闭浏览器
2020-12-17 20:15:31,018 - log_utils.py[line:24] - INFO: --------测试方法开始执行--------
2020-12-17 20:15:36,149 - log_utils.py[line:24] - INFO: 浏览器最大化
2020-12-17 20:15:36,150 - log_utils.py[line:24] - INFO: 添加隐式等待
2020-12-17 20:15:36,328 - log_utils.py[line:24] - INFO: 打开浏览器地址：https://petest.gds-services.com/portal/#/portal/r_todo
2020-12-17 20:15:36,404 - log_utils.py[line:24] - INFO: [用户框输入]元素识别成功
2020-12-17 20:15:36,470 - log_utils.py[line:24] - INFO: 输入[用户框输入]元素
2020-12-17 20:15:36,471 - log_utils.py[line:24] - INFO: 用户名输入框输入：chaiguangfei
2020-12-17 20:15:36,479 - log_utils.py[line:24] - INFO: [密码输入框]元素识别成功
2020-12-17 20:15:36,534 - log_utils.py[line:24] - INFO: 输入[密码输入框]元素
2020-12-17 20:15:36,535 - log_utils.py[line:24] - INFO: 密码输入框输入：Gds1234567890
2020-12-17 20:15:36,543 - log_utils.py[line:24] - INFO: [登录按钮]元素识别成功
2020-12-17 20:15:36,568 - log_utils.py[line:24] - INFO: 点击[登录按钮]元素
2020-12-17 20:15:36,569 - log_utils.py[line:24] - INFO: 点击登录按钮
2020-12-17 20:15:37,645 - log_utils.py[line:24] - INFO: [用户姓名]元素识别成功
2020-12-17 20:15:37,657 - log_utils.py[line:24] - INFO: 用户登录校验成功
2020-12-17 20:15:37,672 - log_utils.py[line:24] - INFO: [系统入口]元素识别成功
2020-12-17 20:15:37,739 - log_utils.py[line:24] - INFO: 点击[系统入口]元素
2020-12-17 20:15:39,740 - log_utils.py[line:24] - INFO: 等待2秒
2020-12-17 20:15:39,748 - log_utils.py[line:24] - INFO: [系统名称]元素识别成功
2020-12-17 20:15:39,781 - log_utils.py[line:24] - INFO: 点击[系统名称]元素
2020-12-17 20:15:39,781 - log_utils.py[line:24] - INFO: 点击变更管理
2020-12-17 20:15:41,781 - log_utils.py[line:24] - INFO: 等待2秒
2020-12-17 20:15:41,791 - log_utils.py[line:24] - INFO: [系统事件]元素识别成功
2020-12-17 20:15:41,820 - log_utils.py[line:24] - INFO: 点击[系统事件]元素
2020-12-17 20:15:44,820 - log_utils.py[line:24] - INFO: 等待3秒
2020-12-17 20:15:44,820 - log_utils.py[line:24] - INFO: --------测试方法执行结束--------
2020-12-17 20:15:47,007 - log_utils.py[line:24] - INFO: 关闭浏览器
2020-12-17 20:15:47,008 - log_utils.py[line:24] - INFO: ========测试类执行完毕========
