2020-12-10 11:37:48,617 - log_utils.py[line:16] - INFO: 123
2020-12-10 11:38:08,052 - log_utils.py[line:16] - INFO: 打开浏览器地址：https://petest.gds-services.com/portal/#/portal/r_todo
2020-12-10 11:38:10,168 - log_utils.py[line:16] - INFO: 浏览器最大化
2020-12-10 11:38:10,266 - log_utils.py[line:16] - INFO: 用户名输入框输入：chaiguangfei
2020-12-10 11:44:09,159 - log_utils.py[line:16] - INFO: 打开浏览器地址：https://petest.gds-services.com/portal/#/portal/r_todo
2020-12-10 11:44:11,275 - log_utils.py[line:16] - INFO: 浏览器最大化
2020-12-10 11:44:11,380 - log_utils.py[line:16] - INFO: 用户名输入框输入：chaiguangfei
2020-12-10 11:46:32,477 - log_utils.py[line:16] - INFO: 打开浏览器地址：https://petest.gds-services.com/portal/#/portal/r_todo
2020-12-10 11:46:34,591 - log_utils.py[line:16] - INFO: 浏览器最大化
2020-12-10 11:46:34,665 - log_utils.py[line:16] - INFO: 用户名输入框输入：chaiguangfei
2020-12-10 11:51:39,296 - log_utils.py[line:16] - INFO: 打开浏览器地址：https://petest.gds-services.com/portal/#/portal/r_todo
2020-12-10 11:51:41,410 - log_utils.py[line:16] - INFO: 浏览器最大化
2020-12-10 11:51:41,468 - log_utils.py[line:16] - INFO: 用户名输入框输入：chaiguangfei
2020-12-10 12:02:23,211 - log_utils.py[line:16] - INFO: 打开浏览器地址：https://petest.gds-services.com/portal/#/portal/r_todo
2020-12-10 12:02:25,344 - log_utils.py[line:16] - INFO: 浏览器最大化
2020-12-10 12:02:25,346 - log_utils.py[line:16] - INFO: 添加隐式等待
2020-12-10 12:02:25,442 - log_utils.py[line:16] - INFO: 用户名输入框输入：chaiguangfei
2020-12-10 13:03:43,111 - log_utils.py[line:16] - INFO: 打开浏览器地址：https://petest.gds-services.com/portal/#/portal/r_todo
2020-12-10 13:03:45,232 - log_utils.py[line:16] - INFO: 浏览器最大化
2020-12-10 13:03:45,234 - log_utils.py[line:16] - INFO: 添加隐式等待
2020-12-10 13:03:45,320 - log_utils.py[line:16] - INFO: 用户名输入框输入：chaiguangfei
2020-12-10 13:03:45,396 - log_utils.py[line:16] - INFO: 密码输入框输入：Gds1234567890
2020-12-10 13:03:45,441 - log_utils.py[line:16] - INFO: 点击登录按钮
2020-12-10 13:07:35,754 - log_utils.py[line:16] - INFO: 打开浏览器地址：https://petest.gds-services.com/portal/#/portal/r_todo
2020-12-10 13:07:37,869 - log_utils.py[line:16] - INFO: 浏览器最大化
2020-12-10 13:07:37,870 - log_utils.py[line:16] - INFO: 添加隐式等待
2020-12-10 13:07:37,942 - log_utils.py[line:16] - INFO: 用户名输入框输入：chaiguangfei
2020-12-10 13:07:38,016 - log_utils.py[line:16] - INFO: 密码输入框输入：Gds1234567890
2020-12-10 13:07:38,057 - log_utils.py[line:16] - INFO: 点击登录按钮
2020-12-10 14:02:06,919 - log_utils.py[line:16] - INFO: 打开浏览器地址：https://petest.gds-services.com/portal/#/portal/r_todo
2020-12-10 14:02:09,030 - log_utils.py[line:16] - INFO: 浏览器最大化
2020-12-10 14:02:09,031 - log_utils.py[line:16] - INFO: 添加隐式等待
2020-12-10 14:02:09,106 - log_utils.py[line:16] - INFO: 用户名输入框输入：chaiguangfei
2020-12-10 14:02:09,188 - log_utils.py[line:16] - INFO: 密码输入框输入：Gds1234567890
2020-12-10 14:02:09,232 - log_utils.py[line:16] - INFO: 点击登录按钮
2020-12-10 14:02:16,347 - log_utils.py[line:16] - INFO: 关闭浏览器
2020-12-10 16:27:13,729 - log_utils.py[line:16] - INFO: 打开浏览器地址：https://petest.gds-services.com/portal/#/portal/r_todo
2020-12-10 16:27:15,845 - log_utils.py[line:16] - INFO: 浏览器最大化
2020-12-10 16:27:15,846 - log_utils.py[line:16] - INFO: 添加隐式等待
2020-12-10 16:27:15,948 - log_utils.py[line:16] - INFO: 用户名输入框输入：chaiguangfei
2020-12-10 16:27:16,024 - log_utils.py[line:16] - INFO: 密码输入框输入：Gds1234567890
2020-12-10 16:27:16,073 - log_utils.py[line:16] - INFO: 点击登录按钮
2020-12-10 16:27:24,423 - log_utils.py[line:16] - INFO: 关闭浏览器
2020-12-10 16:35:38,149 - log_utils.py[line:16] - INFO: 打开浏览器地址：https://petest.gds-services.com/portal/#/portal/r_todo
2020-12-10 16:35:40,265 - log_utils.py[line:16] - INFO: 浏览器最大化
2020-12-10 16:35:40,266 - log_utils.py[line:16] - INFO: 添加隐式等待
2020-12-10 16:35:40,356 - log_utils.py[line:16] - INFO: 用户名输入框输入：chaiguangfei
2020-12-10 16:35:40,432 - log_utils.py[line:16] - INFO: 密码输入框输入：Gds1234567890
2020-12-10 16:35:40,482 - log_utils.py[line:16] - INFO: 点击登录按钮
2020-12-10 16:35:47,594 - log_utils.py[line:16] - INFO: 关闭浏览器
2020-12-10 16:54:09,383 - log_utils.py[line:16] - INFO: 打开浏览器地址：https://petest.gds-services.com/portal/#/portal/r_todo
2020-12-10 16:54:11,499 - log_utils.py[line:16] - INFO: 浏览器最大化
2020-12-10 16:54:11,501 - log_utils.py[line:16] - INFO: 添加隐式等待
2020-12-10 16:56:57,230 - log_utils.py[line:16] - INFO: 打开浏览器地址：https://petest.gds-services.com/portal/#/portal/r_todo
2020-12-10 16:56:59,375 - log_utils.py[line:16] - INFO: 浏览器最大化
2020-12-10 16:56:59,378 - log_utils.py[line:16] - INFO: 添加隐式等待
2020-12-10 16:56:59,488 - log_utils.py[line:16] - INFO: 用户名输入框输入：chaiguangfei
2020-12-10 16:56:59,585 - log_utils.py[line:16] - INFO: 密码输入框输入：Gds1234567890
2020-12-10 16:56:59,638 - log_utils.py[line:16] - INFO: 点击登录按钮
2020-12-10 16:57:06,765 - log_utils.py[line:16] - INFO: 关闭浏览器
