2020-12-14 10:51:05,445 - log_utils.py[line:15] - INFO: 打开浏览器地址：https://petest.gds-services.com/portal/#/portal/r_todo
2020-12-14 10:51:07,560 - log_utils.py[line:15] - INFO: 浏览器最大化
2020-12-14 10:51:07,561 - log_utils.py[line:15] - INFO: 添加隐式等待
2020-12-14 10:51:07,638 - log_utils.py[line:15] - INFO: 用户名输入框输入：chaiguangfei
2020-12-14 10:51:07,711 - log_utils.py[line:15] - INFO: 密码输入框输入：Gds1234567890
2020-12-14 10:51:07,746 - log_utils.py[line:15] - INFO: 点击登录按钮
2020-12-14 10:51:14,850 - log_utils.py[line:15] - INFO: 关闭浏览器
2020-12-14 11:47:44,702 - log_utils.py[line:15] - INFO: 打开浏览器地址：https://petest.gds-services.com/portal/#/portal/r_todo
2020-12-14 11:47:44,960 - log_utils.py[line:15] - INFO: 浏览器最大化
2020-12-14 11:47:44,964 - log_utils.py[line:15] - INFO: 添加隐式等待
2020-12-14 11:47:44,997 - log_utils.py[line:15] - INFO: 用户名输入框输入：chaiguangfei
2020-12-14 11:47:45,024 - log_utils.py[line:15] - INFO: 密码输入框输入：Gds1234567890
2020-12-14 11:47:45,633 - log_utils.py[line:15] - INFO: 点击登录按钮
2020-12-14 11:47:51,625 - log_utils.py[line:15] - INFO: 关闭浏览器
2020-12-14 11:48:04,884 - log_utils.py[line:15] - INFO: 打开浏览器地址：https://petest.gds-services.com/portal/#/portal/r_todo
2020-12-14 11:48:07,012 - log_utils.py[line:15] - INFO: 浏览器最大化
2020-12-14 11:48:07,014 - log_utils.py[line:15] - INFO: 添加隐式等待
2020-12-14 11:48:07,092 - log_utils.py[line:15] - INFO: 用户名输入框输入：chaiguangfei
2020-12-14 11:48:07,166 - log_utils.py[line:15] - INFO: 密码输入框输入：Gds1234567890
2020-12-14 11:48:07,200 - log_utils.py[line:15] - INFO: 点击登录按钮
2020-12-14 11:48:14,359 - log_utils.py[line:15] - INFO: 关闭浏览器
2020-12-14 11:48:40,518 - log_utils.py[line:15] - INFO: 打开浏览器地址：https://petest.gds-services.com/portal/#/portal/r_todo
2020-12-14 11:48:42,634 - log_utils.py[line:15] - INFO: 浏览器最大化
2020-12-14 11:48:42,635 - log_utils.py[line:15] - INFO: 添加隐式等待
2020-12-14 11:48:42,713 - log_utils.py[line:15] - INFO: 用户名输入框输入：chaiguangfei
2020-12-14 11:48:42,787 - log_utils.py[line:15] - INFO: 密码输入框输入：Gds1234567890
2020-12-14 11:48:42,821 - log_utils.py[line:15] - INFO: 点击登录按钮
2020-12-14 11:48:49,971 - log_utils.py[line:15] - INFO: 关闭浏览器
2020-12-14 11:54:22,238 - log_utils.py[line:15] - INFO: 打开浏览器地址：https://petest.gds-services.com/portal/#/portal/r_todo
2020-12-14 11:54:24,354 - log_utils.py[line:15] - INFO: 浏览器最大化
2020-12-14 11:54:24,355 - log_utils.py[line:15] - INFO: 添加隐式等待
2020-12-14 11:54:24,436 - log_utils.py[line:15] - INFO: 用户名输入框输入：chaiguangfei
2020-12-14 11:54:24,512 - log_utils.py[line:15] - INFO: 密码输入框输入：Gds1234567890
2020-12-14 11:54:24,546 - log_utils.py[line:15] - INFO: 点击登录按钮
2020-12-14 11:54:31,710 - log_utils.py[line:15] - INFO: 关闭浏览器
2020-12-14 14:39:05,027 - log_utils.py[line:15] - INFO: 打开浏览器地址：https://petest.gds-services.com/portal/#/portal/r_todo
2020-12-14 14:39:07,140 - log_utils.py[line:15] - INFO: 浏览器最大化
2020-12-14 14:39:07,141 - log_utils.py[line:15] - INFO: 添加隐式等待
2020-12-14 14:39:07,226 - log_utils.py[line:15] - INFO: 用户名输入框输入：chaiguangfei
2020-12-14 14:39:07,301 - log_utils.py[line:15] - INFO: 密码输入框输入：Gds1234567890
2020-12-14 14:39:07,349 - log_utils.py[line:15] - INFO: 点击登录按钮
2020-12-14 14:39:14,492 - log_utils.py[line:15] - INFO: 关闭浏览器
2020-12-14 18:04:13,811 - log_utils.py[line:15] - INFO: 打开浏览器地址：https://petest.gds-services.com/portal/#/portal/r_todo
2020-12-14 18:04:15,929 - log_utils.py[line:15] - INFO: 浏览器最大化
2020-12-14 18:04:15,930 - log_utils.py[line:15] - INFO: 添加隐式等待
2020-12-14 18:04:16,031 - log_utils.py[line:15] - INFO: 用户名输入框输入：chaiguangfei
2020-12-14 18:04:16,107 - log_utils.py[line:15] - INFO: 密码输入框输入：Gds1234567890
2020-12-14 18:04:16,163 - log_utils.py[line:15] - INFO: 点击登录按钮
2020-12-14 18:04:23,721 - log_utils.py[line:15] - INFO: 关闭浏览器
2020-12-14 18:06:56,854 - log_utils.py[line:15] - INFO: 打开浏览器地址：https://petest.gds-services.com/portal/#/portal/r_todo
2020-12-14 18:06:58,970 - log_utils.py[line:15] - INFO: 浏览器最大化
2020-12-14 18:06:58,971 - log_utils.py[line:15] - INFO: 添加隐式等待
2020-12-14 18:06:59,043 - log_utils.py[line:15] - INFO: 用户名输入框输入：chaiguangfei
2020-12-14 18:06:59,128 - log_utils.py[line:15] - INFO: 密码输入框输入：Gds1234567890
2020-12-14 18:06:59,170 - log_utils.py[line:15] - INFO: 点击登录按钮
2020-12-14 18:07:09,587 - log_utils.py[line:15] - INFO: 关闭浏览器
2020-12-14 18:07:34,709 - log_utils.py[line:15] - INFO: 打开浏览器地址：https://petest.gds-services.com/portal/#/portal/r_todo
2020-12-14 18:07:36,824 - log_utils.py[line:15] - INFO: 浏览器最大化
2020-12-14 18:07:36,825 - log_utils.py[line:15] - INFO: 添加隐式等待
2020-12-14 18:07:36,904 - log_utils.py[line:15] - INFO: 用户名输入框输入：chaiguangfei
2020-12-14 18:07:36,980 - log_utils.py[line:15] - INFO: 密码输入框输入：Gds1234567890
2020-12-14 18:07:37,013 - log_utils.py[line:15] - INFO: 点击登录按钮
2020-12-14 18:07:47,576 - log_utils.py[line:15] - INFO: 关闭浏览器
2020-12-14 18:13:42,120 - log_utils.py[line:15] - INFO: 打开浏览器地址：https://petest.gds-services.com/portal/#/portal/r_todo
2020-12-14 18:13:44,240 - log_utils.py[line:15] - INFO: 浏览器最大化
2020-12-14 18:13:44,241 - log_utils.py[line:15] - INFO: 添加隐式等待
2020-12-14 18:13:44,314 - log_utils.py[line:15] - INFO: 用户名输入框输入：chaiguangfei
2020-12-14 18:13:44,395 - log_utils.py[line:15] - INFO: 密码输入框输入：Gds1234567890
2020-12-14 18:13:44,439 - log_utils.py[line:15] - INFO: 点击登录按钮
2020-12-14 18:13:55,023 - log_utils.py[line:15] - INFO: 关闭浏览器
