2020-12-16 01:16:03,878 - log_utils.py[line:15] - INFO: 浏览器最大化
2020-12-16 01:16:03,880 - log_utils.py[line:15] - INFO: 添加隐式等待
2020-12-16 01:16:04,819 - log_utils.py[line:15] - INFO: 所有用例执行完毕
2020-12-16 09:48:38,272 - log_utils.py[line:15] - INFO: 浏览器最大化
2020-12-16 09:48:38,274 - log_utils.py[line:15] - INFO: 添加隐式等待
2020-12-16 09:48:38,868 - log_utils.py[line:15] - INFO: 所有用例执行完毕
2020-12-16 09:55:28,472 - log_utils.py[line:15] - INFO: 浏览器最大化
2020-12-16 09:55:28,474 - log_utils.py[line:15] - INFO: 添加隐式等待
2020-12-16 09:55:28,982 - log_utils.py[line:15] - INFO: 打开浏览器地址：https://petest.gds-services.com/portal/#/portal/r_todo
2020-12-16 09:55:29,231 - log_utils.py[line:15] - INFO: 用户名输入框输入：chaiguangfei
2020-12-16 09:55:29,356 - log_utils.py[line:15] - INFO: 密码输入框输入：Gds1234567890
2020-12-16 09:55:29,418 - log_utils.py[line:15] - INFO: 点击登录按钮
2020-12-16 09:55:39,066 - log_utils.py[line:15] - INFO: 用户登录校验成功
2020-12-16 09:55:39,716 - log_utils.py[line:15] - INFO: 点击进入系统入口
2020-12-16 09:55:44,716 - log_utils.py[line:15] - INFO: 等待5秒
2020-12-16 09:55:44,880 - log_utils.py[line:15] - INFO: 点击变更管理
2020-12-16 09:55:46,881 - log_utils.py[line:15] - INFO: 等待2秒
2020-12-16 09:55:57,073 - log_utils.py[line:15] - INFO: 等待10秒
2020-12-16 09:55:59,265 - log_utils.py[line:15] - INFO: 关闭浏览器
2020-12-16 09:55:59,266 - log_utils.py[line:15] - INFO: 所有用例执行完毕
2020-12-16 16:05:46,065 - log_utils.py[line:15] - INFO: 浏览器最大化
2020-12-16 16:05:46,066 - log_utils.py[line:15] - INFO: 添加隐式等待
2020-12-16 16:05:46,887 - log_utils.py[line:15] - INFO: 所有用例执行完毕
2020-12-16 16:19:03,346 - log_utils.py[line:15] - INFO: 浏览器最大化
2020-12-16 16:19:03,347 - log_utils.py[line:15] - INFO: 添加隐式等待
2020-12-16 16:19:03,796 - log_utils.py[line:15] - INFO: 打开浏览器地址：https://petest.gds-services.com/portal/#/portal/r_todo
2020-12-16 16:19:04,061 - log_utils.py[line:15] - INFO: 用户名输入框输入：chaiguangfei
2020-12-16 16:19:04,156 - log_utils.py[line:15] - INFO: 密码输入框输入：Gds1234567890
2020-12-16 16:19:04,192 - log_utils.py[line:15] - INFO: 点击登录按钮
2020-12-16 16:19:09,766 - log_utils.py[line:15] - INFO: 用户登录校验成功
2020-12-16 16:19:10,314 - log_utils.py[line:15] - INFO: 点击进入系统入口
2020-12-16 16:19:15,315 - log_utils.py[line:15] - INFO: 等待5秒
2020-12-16 16:19:15,485 - log_utils.py[line:15] - INFO: 点击变更管理
2020-12-16 16:19:17,486 - log_utils.py[line:15] - INFO: 等待2秒
2020-12-16 16:19:27,662 - log_utils.py[line:15] - INFO: 等待10秒
2020-12-16 16:19:29,957 - log_utils.py[line:15] - INFO: 关闭浏览器
2020-12-16 16:19:29,957 - log_utils.py[line:15] - INFO: 所有用例执行完毕
